running egg_info
creating ../../../build/servo_config/servo_config.egg-info
writing ../../../build/servo_config/servo_config.egg-info/PKG-INFO
writing dependency_links to ../../../build/servo_config/servo_config.egg-info/dependency_links.txt
writing entry points to ../../../build/servo_config/servo_config.egg-info/entry_points.txt
writing requirements to ../../../build/servo_config/servo_config.egg-info/requires.txt
writing top-level names to ../../../build/servo_config/servo_config.egg-info/top_level.txt
writing manifest file '../../../build/servo_config/servo_config.egg-info/SOURCES.txt'
adding license file 'LICENSE' (matched pattern 'LICEN[CS]E*')
reading manifest file '../../../build/servo_config/servo_config.egg-info/SOURCES.txt'
writing manifest file '../../../build/servo_config/servo_config.egg-info/SOURCES.txt'
running build
running build_py
creating /home/kim/rodog_ws/build/servo_config/build
creating /home/kim/rodog_ws/build/servo_config/build/lib
creating /home/kim/rodog_ws/build/servo_config/build/lib/servo_config
copying servo_config/CalibrateServos.py -> /home/kim/rodog_ws/build/servo_config/build/lib/servo_config
copying servo_config/__init__.py -> /home/kim/rodog_ws/build/servo_config/build/lib/servo_config
copying servo_config/ServoCalibrationDefinition.py -> /home/kim/rodog_ws/build/servo_config/build/lib/servo_config
running install
running install_lib
creating /home/kim/rodog_ws/install/servo_config/lib/python3.10/site-packages/servo_config
copying /home/kim/rodog_ws/build/servo_config/build/lib/servo_config/CalibrateServos.py -> /home/kim/rodog_ws/install/servo_config/lib/python3.10/site-packages/servo_config
copying /home/kim/rodog_ws/build/servo_config/build/lib/servo_config/__init__.py -> /home/kim/rodog_ws/install/servo_config/lib/python3.10/site-packages/servo_config
copying /home/kim/rodog_ws/build/servo_config/build/lib/servo_config/ServoCalibrationDefinition.py -> /home/kim/rodog_ws/install/servo_config/lib/python3.10/site-packages/servo_config
byte-compiling /home/kim/rodog_ws/install/servo_config/lib/python3.10/site-packages/servo_config/CalibrateServos.py to CalibrateServos.cpython-310.pyc
byte-compiling /home/kim/rodog_ws/install/servo_config/lib/python3.10/site-packages/servo_config/__init__.py to __init__.cpython-310.pyc
byte-compiling /home/kim/rodog_ws/install/servo_config/lib/python3.10/site-packages/servo_config/ServoCalibrationDefinition.py to ServoCalibrationDefinition.cpython-310.pyc
running install_data
creating /home/kim/rodog_ws/install/servo_config/share/ament_index
creating /home/kim/rodog_ws/install/servo_config/share/ament_index/resource_index
creating /home/kim/rodog_ws/install/servo_config/share/ament_index/resource_index/packages
copying resource/servo_config -> /home/kim/rodog_ws/install/servo_config/share/ament_index/resource_index/packages
copying package.xml -> /home/kim/rodog_ws/install/servo_config/share/servo_config
running install_egg_info
Copying ../../../build/servo_config/servo_config.egg-info to /home/kim/rodog_ws/install/servo_config/lib/python3.10/site-packages/servo_config-0.0.0-py3.10.egg-info
running install_scripts
writing list of installed files to '/home/kim/rodog_ws/build/servo_config/install.log'
