[1.456s] Invoking command in '/home/kim/rodog_ws/src/rodog_hardware/servo_config': PYTHONPATH=/home/kim/rodog_ws/build/servo_config/prefix_override:/home/kim/rodog_ws/install/servo_config/lib/python3.10/site-packages:${PYTHONPATH} /usr/bin/python3 setup.py egg_info --egg-base ../../../build/servo_config build --build-base /home/kim/rodog_ws/build/servo_config/build install --record /home/kim/rodog_ws/build/servo_config/install.log --single-version-externally-managed
[1.727s] running egg_info
[1.728s] creating ../../../build/servo_config/servo_config.egg-info
[1.729s] writing ../../../build/servo_config/servo_config.egg-info/PKG-INFO
[1.730s] writing dependency_links to ../../../build/servo_config/servo_config.egg-info/dependency_links.txt
[1.730s] writing entry points to ../../../build/servo_config/servo_config.egg-info/entry_points.txt
[1.731s] writing requirements to ../../../build/servo_config/servo_config.egg-info/requires.txt
[1.731s] writing top-level names to ../../../build/servo_config/servo_config.egg-info/top_level.txt
[1.732s] writing manifest file '../../../build/servo_config/servo_config.egg-info/SOURCES.txt'
[1.772s] adding license file 'LICENSE' (matched pattern 'LICEN[CS]E*')
[1.774s] reading manifest file '../../../build/servo_config/servo_config.egg-info/SOURCES.txt'
[1.776s] writing manifest file '../../../build/servo_config/servo_config.egg-info/SOURCES.txt'
[1.777s] running build
[1.777s] running build_py
[1.778s] creating /home/kim/rodog_ws/build/servo_config/build
[1.778s] creating /home/kim/rodog_ws/build/servo_config/build/lib
[1.779s] creating /home/kim/rodog_ws/build/servo_config/build/lib/servo_config
[1.779s] copying servo_config/CalibrateServos.py -> /home/kim/rodog_ws/build/servo_config/build/lib/servo_config
[1.779s] copying servo_config/__init__.py -> /home/kim/rodog_ws/build/servo_config/build/lib/servo_config
[1.780s] copying servo_config/ServoCalibrationDefinition.py -> /home/kim/rodog_ws/build/servo_config/build/lib/servo_config
[1.780s] running install
[1.780s] running install_lib
[1.782s] creating /home/kim/rodog_ws/install/servo_config/lib/python3.10/site-packages/servo_config
[1.782s] copying /home/kim/rodog_ws/build/servo_config/build/lib/servo_config/CalibrateServos.py -> /home/kim/rodog_ws/install/servo_config/lib/python3.10/site-packages/servo_config
[1.782s] copying /home/kim/rodog_ws/build/servo_config/build/lib/servo_config/__init__.py -> /home/kim/rodog_ws/install/servo_config/lib/python3.10/site-packages/servo_config
[1.782s] copying /home/kim/rodog_ws/build/servo_config/build/lib/servo_config/ServoCalibrationDefinition.py -> /home/kim/rodog_ws/install/servo_config/lib/python3.10/site-packages/servo_config
[1.782s] byte-compiling /home/kim/rodog_ws/install/servo_config/lib/python3.10/site-packages/servo_config/CalibrateServos.py to CalibrateServos.cpython-310.pyc
[1.786s] byte-compiling /home/kim/rodog_ws/install/servo_config/lib/python3.10/site-packages/servo_config/__init__.py to __init__.cpython-310.pyc
[1.786s] byte-compiling /home/kim/rodog_ws/install/servo_config/lib/python3.10/site-packages/servo_config/ServoCalibrationDefinition.py to ServoCalibrationDefinition.cpython-310.pyc
[1.789s] running install_data
[1.792s] creating /home/kim/rodog_ws/install/servo_config/share/ament_index
[1.792s] creating /home/kim/rodog_ws/install/servo_config/share/ament_index/resource_index
[1.793s] creating /home/kim/rodog_ws/install/servo_config/share/ament_index/resource_index/packages
[1.793s] copying resource/servo_config -> /home/kim/rodog_ws/install/servo_config/share/ament_index/resource_index/packages
[1.793s] copying package.xml -> /home/kim/rodog_ws/install/servo_config/share/servo_config
[1.793s] running install_egg_info
[1.793s] Copying ../../../build/servo_config/servo_config.egg-info to /home/kim/rodog_ws/install/servo_config/lib/python3.10/site-packages/servo_config-0.0.0-py3.10.egg-info
[1.793s] running install_scripts
[1.823s] writing list of installed files to '/home/kim/rodog_ws/build/servo_config/install.log'
[1.859s] Invoked command in '/home/kim/rodog_ws/src/rodog_hardware/servo_config' returned '0': PYTHONPATH=/home/kim/rodog_ws/build/servo_config/prefix_override:/home/kim/rodog_ws/install/servo_config/lib/python3.10/site-packages:${PYTHONPATH} /usr/bin/python3 setup.py egg_info --egg-base ../../../build/servo_config build --build-base /home/kim/rodog_ws/build/servo_config/build install --record /home/kim/rodog_ws/build/servo_config/install.log --single-version-externally-managed
