[0.066s] Invoking command in '/home/kim/rodog_ws/build/rodog_description': CMAKE_PREFIX_PATH=${CMAKE_PREFIX_PATH}:/home/kim/rodog_ws/install/servo_config:/opt/ros/humble /usr/bin/cmake --build /home/kim/rodog_ws/build/rodog_description -- -j2 -l2
[0.489s] Invoked command in '/home/kim/rodog_ws/build/rodog_description' returned '0': CMAKE_PREFIX_PATH=${CMAKE_PREFIX_PATH}:/home/kim/rodog_ws/install/servo_config:/opt/ros/humble /usr/bin/cmake --build /home/kim/rodog_ws/build/rodog_description -- -j2 -l2
[0.531s] Invoking command in '/home/kim/rodog_ws/build/rodog_description': CMAKE_PREFIX_PATH=${CMAKE_PREFIX_PATH}:/home/kim/rodog_ws/install/servo_config:/opt/ros/humble /usr/bin/cmake --install /home/kim/rodog_ws/build/rodog_description
[0.545s] -- Install configuration: ""
[0.549s] -- Up-to-date: /home/kim/rodog_ws/install/rodog_description/share/rodog_description//urdf
[0.552s] -- Up-to-date: /home/kim/rodog_ws/install/rodog_description/share/rodog_description//urdf/rodog.urdf.xacro
[0.552s] -- Up-to-date: /home/kim/rodog_ws/install/rodog_description/share/rodog_description//meshes
[0.554s] -- Up-to-date: /home/kim/rodog_ws/install/rodog_description/share/rodog_description//meshes/RL_link3.STL
[0.554s] -- Up-to-date: /home/kim/rodog_ws/install/rodog_description/share/rodog_description//meshes/FR_link1.dae
[0.554s] -- Up-to-date: /home/kim/rodog_ws/install/rodog_description/share/rodog_description//meshes/L_link2.dae
[0.555s] -- Up-to-date: /home/kim/rodog_ws/install/rodog_description/share/rodog_description//meshes/RR1_obj.obj
[0.555s] -- Up-to-date: /home/kim/rodog_ws/install/rodog_description/share/rodog_description//meshes/RR_link2.STL
[0.555s] -- Up-to-date: /home/kim/rodog_ws/install/rodog_description/share/rodog_description//meshes/FR1_obj.obj
[0.555s] -- Up-to-date: /home/kim/rodog_ws/install/rodog_description/share/rodog_description//meshes/FL_link4.STL
[0.555s] -- Up-to-date: /home/kim/rodog_ws/install/rodog_description/share/rodog_description//meshes/R2_obj.obj
[0.556s] -- Up-to-date: /home/kim/rodog_ws/install/rodog_description/share/rodog_description//meshes/RL_link2.STL
[0.556s] -- Up-to-date: /home/kim/rodog_ws/install/rodog_description/share/rodog_description//meshes/FL_link1.STL
[0.556s] -- Up-to-date: /home/kim/rodog_ws/install/rodog_description/share/rodog_description//meshes/L2_obj.mtl
[0.556s] -- Up-to-date: /home/kim/rodog_ws/install/rodog_description/share/rodog_description//meshes/R_link1_collision.STL
[0.556s] -- Up-to-date: /home/kim/rodog_ws/install/rodog_description/share/rodog_description//meshes/FR_link4.STL
[0.556s] -- Up-to-date: /home/kim/rodog_ws/install/rodog_description/share/rodog_description//meshes/thread.jpg
[0.557s] -- Up-to-date: /home/kim/rodog_ws/install/rodog_description/share/rodog_description//meshes/base_link.STL
[0.557s] -- Up-to-date: /home/kim/rodog_ws/install/rodog_description/share/rodog_description//meshes/main.py
[0.557s] -- Up-to-date: /home/kim/rodog_ws/install/rodog_description/share/rodog_description//meshes/body_obj.mtl
[0.557s] -- Up-to-date: /home/kim/rodog_ws/install/rodog_description/share/rodog_description//meshes/L_link3_collision.STL
[0.557s] -- Up-to-date: /home/kim/rodog_ws/install/rodog_description/share/rodog_description//meshes/R_link2_collision.STL
[0.557s] -- Up-to-date: /home/kim/rodog_ws/install/rodog_description/share/rodog_description//meshes/RR_link1.STL
[0.557s] -- Up-to-date: /home/kim/rodog_ws/install/rodog_description/share/rodog_description//meshes/link4.dae
[0.557s] -- Up-to-date: /home/kim/rodog_ws/install/rodog_description/share/rodog_description//meshes/R3_obj.obj
[0.557s] -- Up-to-date: /home/kim/rodog_ws/install/rodog_description/share/rodog_description//meshes/L_link2_collision.STL
[0.557s] -- Up-to-date: /home/kim/rodog_ws/install/rodog_description/share/rodog_description//meshes/FL_link2.STL
[0.557s] -- Up-to-date: /home/kim/rodog_ws/install/rodog_description/share/rodog_description//meshes/RL1_obj.obj
[0.557s] -- Up-to-date: /home/kim/rodog_ws/install/rodog_description/share/rodog_description//meshes/RL1_obj.mtl
[0.557s] -- Up-to-date: /home/kim/rodog_ws/install/rodog_description/share/rodog_description//meshes/L3_obj.obj
[0.557s] -- Up-to-date: /home/kim/rodog_ws/install/rodog_description/share/rodog_description//meshes/RL_link4.STL
[0.558s] -- Up-to-date: /home/kim/rodog_ws/install/rodog_description/share/rodog_description//meshes/base_link.dae
[0.558s] -- Up-to-date: /home/kim/rodog_ws/install/rodog_description/share/rodog_description//meshes/L2_obj.obj
[0.558s] -- Up-to-date: /home/kim/rodog_ws/install/rodog_description/share/rodog_description//meshes/R_link2.dae
[0.558s] -- Up-to-date: /home/kim/rodog_ws/install/rodog_description/share/rodog_description//meshes/RL_link1.STL
[0.558s] -- Up-to-date: /home/kim/rodog_ws/install/rodog_description/share/rodog_description//meshes/FL_link3.STL
[0.558s] -- Up-to-date: /home/kim/rodog_ws/install/rodog_description/share/rodog_description//meshes/body_obj.obj
[0.558s] -- Up-to-date: /home/kim/rodog_ws/install/rodog_description/share/rodog_description//meshes/link4_collision.STL
[0.558s] -- Up-to-date: /home/kim/rodog_ws/install/rodog_description/share/rodog_description//meshes/FL1_obj.mtl
[0.558s] -- Up-to-date: /home/kim/rodog_ws/install/rodog_description/share/rodog_description//meshes/RR_link3.STL
[0.558s] -- Up-to-date: /home/kim/rodog_ws/install/rodog_description/share/rodog_description//meshes/R_link3_collision.STL
[0.558s] -- Up-to-date: /home/kim/rodog_ws/install/rodog_description/share/rodog_description//meshes/R3_obj.mtl
[0.558s] -- Up-to-date: /home/kim/rodog_ws/install/rodog_description/share/rodog_description//meshes/base_collision.STL
[0.558s] -- Up-to-date: /home/kim/rodog_ws/install/rodog_description/share/rodog_description//meshes/R_link3.dae
[0.558s] -- Up-to-date: /home/kim/rodog_ws/install/rodog_description/share/rodog_description//meshes/RR_link4.STL
[0.559s] -- Up-to-date: /home/kim/rodog_ws/install/rodog_description/share/rodog_description//meshes/RL_link1.dae
[0.559s] -- Up-to-date: /home/kim/rodog_ws/install/rodog_description/share/rodog_description//meshes/FR_link1.STL
[0.560s] -- Up-to-date: /home/kim/rodog_ws/install/rodog_description/share/rodog_description//meshes/RR_link1.dae
[0.560s] -- Up-to-date: /home/kim/rodog_ws/install/rodog_description/share/rodog_description//meshes/FR_link2.STL
[0.560s] -- Up-to-date: /home/kim/rodog_ws/install/rodog_description/share/rodog_description//meshes/L_link1_collision.STL
[0.560s] -- Up-to-date: /home/kim/rodog_ws/install/rodog_description/share/rodog_description//meshes/L_link3.dae
[0.560s] -- Up-to-date: /home/kim/rodog_ws/install/rodog_description/share/rodog_description//meshes/FL_link1.dae
[0.560s] -- Up-to-date: /home/kim/rodog_ws/install/rodog_description/share/rodog_description//meshes/FR1_obj.mtl
[0.562s] -- Up-to-date: /home/kim/rodog_ws/install/rodog_description/share/rodog_description//meshes/FL1_obj.obj
[0.562s] -- Up-to-date: /home/kim/rodog_ws/install/rodog_description/share/rodog_description//meshes/RR1_obj.mtl
[0.562s] -- Up-to-date: /home/kim/rodog_ws/install/rodog_description/share/rodog_description//meshes/L3_obj.mtl
[0.562s] -- Up-to-date: /home/kim/rodog_ws/install/rodog_description/share/rodog_description//meshes/FR_link3.STL
[0.562s] -- Up-to-date: /home/kim/rodog_ws/install/rodog_description/share/rodog_description//meshes/R2_obj.mtl
[0.562s] -- Up-to-date: /home/kim/rodog_ws/install/rodog_description/share/rodog_description//launch
[0.562s] -- Up-to-date: /home/kim/rodog_ws/install/rodog_description/share/rodog_description//launch/display.launch.xml
[0.562s] -- Up-to-date: /home/kim/rodog_ws/install/rodog_description/share/rodog_description//rviz
[0.562s] -- Up-to-date: /home/kim/rodog_ws/install/rodog_description/share/rodog_description//rviz/urdf_config.rviz
[0.562s] -- Up-to-date: /home/kim/rodog_ws/install/rodog_description/share/ament_index/resource_index/package_run_dependencies/rodog_description
[0.562s] -- Up-to-date: /home/kim/rodog_ws/install/rodog_description/share/ament_index/resource_index/parent_prefix_path/rodog_description
[0.562s] -- Up-to-date: /home/kim/rodog_ws/install/rodog_description/share/rodog_description/environment/ament_prefix_path.sh
[0.562s] -- Up-to-date: /home/kim/rodog_ws/install/rodog_description/share/rodog_description/environment/ament_prefix_path.dsv
[0.562s] -- Up-to-date: /home/kim/rodog_ws/install/rodog_description/share/rodog_description/environment/path.sh
[0.562s] -- Up-to-date: /home/kim/rodog_ws/install/rodog_description/share/rodog_description/environment/path.dsv
[0.562s] -- Up-to-date: /home/kim/rodog_ws/install/rodog_description/share/rodog_description/local_setup.bash
[0.562s] -- Up-to-date: /home/kim/rodog_ws/install/rodog_description/share/rodog_description/local_setup.sh
[0.562s] -- Up-to-date: /home/kim/rodog_ws/install/rodog_description/share/rodog_description/local_setup.zsh
[0.562s] -- Up-to-date: /home/kim/rodog_ws/install/rodog_description/share/rodog_description/local_setup.dsv
[0.562s] -- Installing: /home/kim/rodog_ws/install/rodog_description/share/rodog_description/package.dsv
[0.562s] -- Up-to-date: /home/kim/rodog_ws/install/rodog_description/share/ament_index/resource_index/packages/rodog_description
[0.563s] -- Up-to-date: /home/kim/rodog_ws/install/rodog_description/share/rodog_description/cmake/rodog_descriptionConfig.cmake
[0.563s] -- Up-to-date: /home/kim/rodog_ws/install/rodog_description/share/rodog_description/cmake/rodog_descriptionConfig-version.cmake
[0.563s] -- Up-to-date: /home/kim/rodog_ws/install/rodog_description/share/rodog_description/package.xml
[0.566s] Invoked command in '/home/kim/rodog_ws/build/rodog_description' returned '0': CMAKE_PREFIX_PATH=${CMAKE_PREFIX_PATH}:/home/kim/rodog_ws/install/servo_config:/opt/ros/humble /usr/bin/cmake --install /home/kim/rodog_ws/build/rodog_description
