[1.365s] DEBUG:colcon:Command line arguments: ['/usr/bin/colcon', 'build']
[1.365s] DEBUG:colcon:Parsed command line arguments: Namespace(log_base=None, log_level=None, verb_name='build', build_base='build', install_base='install', merge_install=False, symlink_install=False, test_result_base=None, continue_on_error=False, executor='parallel', parallel_workers=2, event_handlers=None, ignore_user_meta=False, metas=['./colcon.meta'], base_paths=['.'], packages_ignore=None, packages_ignore_regex=None, paths=None, packages_up_to=None, packages_up_to_regex=None, packages_above=None, packages_above_and_dependencies=None, packages_above_depth=None, packages_select_by_dep=None, packages_skip_by_dep=None, packages_skip_up_to=None, packages_select_build_failed=False, packages_skip_build_finished=False, packages_select_test_failures=False, packages_skip_test_passed=False, packages_select=None, packages_skip=None, packages_select_regex=None, packages_skip_regex=None, packages_start=None, packages_end=None, allow_overriding=[], cmake_args=None, cmake_target=None, cmake_target_skip_unavailable=False, cmake_clean_cache=False, cmake_clean_first=False, cmake_force_configure=False, ament_cmake_args=None, catkin_cmake_args=None, catkin_skip_building_tests=False, verb_parser=<colcon_defaults.argument_parser.defaults.DefaultArgumentsDecorator object at 0x7f5e15db0fa0>, verb_extension=<colcon_core.verb.build.BuildVerb object at 0x7f5e15db26e0>, main=<bound method BuildVerb.main of <colcon_core.verb.build.BuildVerb object at 0x7f5e15db26e0>>)
[1.445s] Level 1:colcon.colcon_core.package_discovery:discover_packages(colcon_meta) check parameters
[1.446s] Level 1:colcon.colcon_core.package_discovery:discover_packages(recursive) check parameters
[1.446s] Level 1:colcon.colcon_core.package_discovery:discover_packages(ignore) check parameters
[1.446s] Level 1:colcon.colcon_core.package_discovery:discover_packages(path) check parameters
[1.446s] Level 1:colcon.colcon_core.package_discovery:discover_packages(colcon_meta) discover
[1.446s] Level 1:colcon.colcon_core.package_discovery:discover_packages(recursive) discover
[1.447s] INFO:colcon.colcon_core.package_discovery:Crawling recursively for packages in '/home/kim/rodog_ws'
[1.447s] Level 1:colcon.colcon_core.package_identification:_identify(.) by extensions ['ignore', 'ignore_ament_install']
[1.447s] Level 1:colcon.colcon_core.package_identification:_identify(.) by extension 'ignore'
[1.447s] Level 1:colcon.colcon_core.package_identification:_identify(.) by extension 'ignore_ament_install'
[1.447s] Level 1:colcon.colcon_core.package_identification:_identify(.) by extensions ['colcon_pkg']
[1.448s] Level 1:colcon.colcon_core.package_identification:_identify(.) by extension 'colcon_pkg'
[1.448s] Level 1:colcon.colcon_core.package_identification:_identify(.) by extensions ['colcon_meta']
[1.448s] Level 1:colcon.colcon_core.package_identification:_identify(.) by extension 'colcon_meta'
[1.448s] Level 1:colcon.colcon_core.package_identification:_identify(.) by extensions ['ros']
[1.448s] Level 1:colcon.colcon_core.package_identification:_identify(.) by extension 'ros'
[1.473s] Level 1:colcon.colcon_core.package_identification:_identify(.) by extensions ['cmake', 'python']
[1.473s] Level 1:colcon.colcon_core.package_identification:_identify(.) by extension 'cmake'
[1.474s] Level 1:colcon.colcon_core.package_identification:_identify(.) by extension 'python'
[1.474s] Level 1:colcon.colcon_core.package_identification:_identify(.) by extensions ['python_setup_py']
[1.474s] Level 1:colcon.colcon_core.package_identification:_identify(.) by extension 'python_setup_py'
[1.474s] Level 1:colcon.colcon_core.package_identification:_identify(build) by extensions ['ignore', 'ignore_ament_install']
[1.474s] Level 1:colcon.colcon_core.package_identification:_identify(build) by extension 'ignore'
[1.475s] Level 1:colcon.colcon_core.package_identification:_identify(build) ignored
[1.475s] Level 1:colcon.colcon_core.package_identification:_identify(install) by extensions ['ignore', 'ignore_ament_install']
[1.476s] Level 1:colcon.colcon_core.package_identification:_identify(install) by extension 'ignore'
[1.476s] Level 1:colcon.colcon_core.package_identification:_identify(install) ignored
[1.476s] Level 1:colcon.colcon_core.package_identification:_identify(log) by extensions ['ignore', 'ignore_ament_install']
[1.476s] Level 1:colcon.colcon_core.package_identification:_identify(log) by extension 'ignore'
[1.476s] Level 1:colcon.colcon_core.package_identification:_identify(log) ignored
[1.477s] Level 1:colcon.colcon_core.package_identification:_identify(src) by extensions ['ignore', 'ignore_ament_install']
[1.477s] Level 1:colcon.colcon_core.package_identification:_identify(src) by extension 'ignore'
[1.477s] Level 1:colcon.colcon_core.package_identification:_identify(src) by extension 'ignore_ament_install'
[1.477s] Level 1:colcon.colcon_core.package_identification:_identify(src) by extensions ['colcon_pkg']
[1.477s] Level 1:colcon.colcon_core.package_identification:_identify(src) by extension 'colcon_pkg'
[1.477s] Level 1:colcon.colcon_core.package_identification:_identify(src) by extensions ['colcon_meta']
[1.477s] Level 1:colcon.colcon_core.package_identification:_identify(src) by extension 'colcon_meta'
[1.477s] Level 1:colcon.colcon_core.package_identification:_identify(src) by extensions ['ros']
[1.477s] Level 1:colcon.colcon_core.package_identification:_identify(src) by extension 'ros'
[1.477s] Level 1:colcon.colcon_core.package_identification:_identify(src) by extensions ['cmake', 'python']
[1.477s] Level 1:colcon.colcon_core.package_identification:_identify(src) by extension 'cmake'
[1.477s] Level 1:colcon.colcon_core.package_identification:_identify(src) by extension 'python'
[1.477s] Level 1:colcon.colcon_core.package_identification:_identify(src) by extensions ['python_setup_py']
[1.477s] Level 1:colcon.colcon_core.package_identification:_identify(src) by extension 'python_setup_py'
[1.478s] Level 1:colcon.colcon_core.package_identification:_identify(src/rodog_description) by extensions ['ignore', 'ignore_ament_install']
[1.478s] Level 1:colcon.colcon_core.package_identification:_identify(src/rodog_description) by extension 'ignore'
[1.478s] Level 1:colcon.colcon_core.package_identification:_identify(src/rodog_description) by extension 'ignore_ament_install'
[1.478s] Level 1:colcon.colcon_core.package_identification:_identify(src/rodog_description) by extensions ['colcon_pkg']
[1.478s] Level 1:colcon.colcon_core.package_identification:_identify(src/rodog_description) by extension 'colcon_pkg'
[1.478s] Level 1:colcon.colcon_core.package_identification:_identify(src/rodog_description) by extensions ['colcon_meta']
[1.478s] Level 1:colcon.colcon_core.package_identification:_identify(src/rodog_description) by extension 'colcon_meta'
[1.478s] Level 1:colcon.colcon_core.package_identification:_identify(src/rodog_description) by extensions ['ros']
[1.478s] Level 1:colcon.colcon_core.package_identification:_identify(src/rodog_description) by extension 'ros'
[1.483s] DEBUG:colcon.colcon_core.package_identification:Package 'src/rodog_description' with type 'ros.ament_cmake' and name 'rodog_description'
[1.483s] Level 1:colcon.colcon_core.package_discovery:discover_packages(recursive) using defaults
[1.483s] Level 1:colcon.colcon_core.package_discovery:discover_packages(ignore) discover
[1.484s] Level 1:colcon.colcon_core.package_discovery:discover_packages(ignore) using defaults
[1.484s] Level 1:colcon.colcon_core.package_discovery:discover_packages(path) discover
[1.484s] Level 1:colcon.colcon_core.package_discovery:discover_packages(path) using defaults
[1.632s] Level 1:colcon.colcon_core.package_discovery:discover_packages(prefix_path) check parameters
[1.632s] Level 1:colcon.colcon_core.package_discovery:discover_packages(prefix_path) discover
[1.657s] WARNING:colcon.colcon_core.prefix_path.colcon:The path '/home/kim/ros2_ws/install' in the environment variable COLCON_PREFIX_PATH doesn't exist
[1.658s] WARNING:colcon.colcon_ros.prefix_path.ament:The path '/home/kim/ros2_ws/install/p1_py_pkg' in the environment variable AMENT_PREFIX_PATH doesn't exist
[1.658s] WARNING:colcon.colcon_ros.prefix_path.ament:The path '/home/kim/ros2_ws/install/p1_cpp_pkg' in the environment variable AMENT_PREFIX_PATH doesn't exist
[1.658s] WARNING:colcon.colcon_ros.prefix_path.ament:The path '/home/kim/ros2_ws/install/my_robot_description' in the environment variable AMENT_PREFIX_PATH doesn't exist
[1.659s] WARNING:colcon.colcon_ros.prefix_path.catkin:The path '/home/kim/ros2_ws/install/p1_cpp_pkg' in the environment variable CMAKE_PREFIX_PATH doesn't exist
[1.659s] WARNING:colcon.colcon_ros.prefix_path.catkin:The path '/home/kim/ros2_ws/install/my_robot_description' in the environment variable CMAKE_PREFIX_PATH doesn't exist
[1.701s] DEBUG:colcon.colcon_installed_package_information.package_discovery:Found 1 installed packages in /home/kim/test_ws/install
[1.734s] DEBUG:colcon.colcon_installed_package_information.package_discovery:Found 1 installed packages in /home/kim/rodog_ws/install
[1.773s] DEBUG:colcon.colcon_installed_package_information.package_discovery:Found 2 installed packages in /home/kim/install
[1.787s] DEBUG:colcon.colcon_installed_package_information.package_discovery:Found 1 installed packages in /home/kim/nhap_ws/install
[1.800s] DEBUG:colcon.colcon_installed_package_information.package_discovery:Found 328 installed packages in /opt/ros/humble
[1.802s] Level 1:colcon.colcon_core.package_discovery:discover_packages(prefix_path) using defaults
[1.929s] Level 5:colcon.colcon_core.verb:set package 'rodog_description' build argument 'cmake_args' from command line to 'None'
[1.929s] Level 5:colcon.colcon_core.verb:set package 'rodog_description' build argument 'cmake_target' from command line to 'None'
[1.929s] Level 5:colcon.colcon_core.verb:set package 'rodog_description' build argument 'cmake_target_skip_unavailable' from command line to 'False'
[1.929s] Level 5:colcon.colcon_core.verb:set package 'rodog_description' build argument 'cmake_clean_cache' from command line to 'False'
[1.929s] Level 5:colcon.colcon_core.verb:set package 'rodog_description' build argument 'cmake_clean_first' from command line to 'False'
[1.929s] Level 5:colcon.colcon_core.verb:set package 'rodog_description' build argument 'cmake_force_configure' from command line to 'False'
[1.930s] Level 5:colcon.colcon_core.verb:set package 'rodog_description' build argument 'ament_cmake_args' from command line to 'None'
[1.930s] Level 5:colcon.colcon_core.verb:set package 'rodog_description' build argument 'catkin_cmake_args' from command line to 'None'
[1.930s] Level 5:colcon.colcon_core.verb:set package 'rodog_description' build argument 'catkin_skip_building_tests' from command line to 'False'
[1.930s] DEBUG:colcon.colcon_core.verb:Building package 'rodog_description' with the following arguments: {'ament_cmake_args': None, 'build_base': '/home/kim/rodog_ws/build/rodog_description', 'catkin_cmake_args': None, 'catkin_skip_building_tests': False, 'cmake_args': None, 'cmake_clean_cache': False, 'cmake_clean_first': False, 'cmake_force_configure': False, 'cmake_target': None, 'cmake_target_skip_unavailable': False, 'install_base': '/home/kim/rodog_ws/install/rodog_description', 'merge_install': False, 'path': '/home/kim/rodog_ws/src/rodog_description', 'symlink_install': False, 'test_result_base': None}
[1.945s] INFO:colcon.colcon_core.executor:Executing jobs using 'parallel' executor
[1.972s] DEBUG:colcon.colcon_parallel_executor.executor.parallel:run_until_complete
[1.972s] INFO:colcon.colcon_ros.task.ament_cmake.build:Building ROS package in '/home/kim/rodog_ws/src/rodog_description' with build type 'ament_cmake'
[1.972s] INFO:colcon.colcon_cmake.task.cmake.build:Building CMake package in '/home/kim/rodog_ws/src/rodog_description'
[1.990s] INFO:colcon.colcon_core.plugin_system:Skipping extension 'colcon_core.shell.bat': Not used on non-Windows systems
[1.990s] INFO:colcon.colcon_core.shell:Skip shell extension 'powershell' for command environment: Not usable outside of PowerShell
[1.990s] DEBUG:colcon.colcon_core.shell:Skip shell extension 'dsv' for command environment
[2.128s] DEBUG:colcon.colcon_core.event_handler.log_command:Invoking command in '/home/kim/rodog_ws/build/rodog_description': CMAKE_PREFIX_PATH=${CMAKE_PREFIX_PATH}:/home/kim/install/p1_py_pkg:/home/kim/ros2_ws/install/p1_py_pkg:/opt/ros/humble /usr/bin/cmake --build /home/kim/rodog_ws/build/rodog_description -- -j2 -l2
[2.209s] DEBUG:colcon.colcon_core.event_handler.log_command:Invoked command in '/home/kim/rodog_ws/build/rodog_description' returned '0': CMAKE_PREFIX_PATH=${CMAKE_PREFIX_PATH}:/home/kim/install/p1_py_pkg:/home/kim/ros2_ws/install/p1_py_pkg:/opt/ros/humble /usr/bin/cmake --build /home/kim/rodog_ws/build/rodog_description -- -j2 -l2
[2.289s] DEBUG:colcon.colcon_core.event_handler.log_command:Invoking command in '/home/kim/rodog_ws/build/rodog_description': CMAKE_PREFIX_PATH=${CMAKE_PREFIX_PATH}:/home/kim/install/p1_py_pkg:/home/kim/ros2_ws/install/p1_py_pkg:/opt/ros/humble /usr/bin/cmake --install /home/kim/rodog_ws/build/rodog_description
[2.322s] Level 1:colcon.colcon_core.environment:create_environment_scripts_only(rodog_description)
[2.323s] DEBUG:colcon.colcon_core.event_handler.log_command:Invoked command in '/home/kim/rodog_ws/build/rodog_description' returned '0': CMAKE_PREFIX_PATH=${CMAKE_PREFIX_PATH}:/home/kim/install/p1_py_pkg:/home/kim/ros2_ws/install/p1_py_pkg:/opt/ros/humble /usr/bin/cmake --install /home/kim/rodog_ws/build/rodog_description
[2.346s] Level 1:colcon.colcon_core.environment:checking '/home/kim/rodog_ws/install/rodog_description' for CMake module files
[2.347s] Level 1:colcon.colcon_core.environment:checking '/home/kim/rodog_ws/install/rodog_description' for CMake config files
[2.347s] Level 1:colcon.colcon_core.shell:create_environment_hook('rodog_description', 'cmake_prefix_path')
[2.363s] INFO:colcon.colcon_core.shell:Creating environment hook '/home/kim/rodog_ws/install/rodog_description/share/rodog_description/hook/cmake_prefix_path.ps1'
[2.365s] INFO:colcon.colcon_core.shell:Creating environment descriptor '/home/kim/rodog_ws/install/rodog_description/share/rodog_description/hook/cmake_prefix_path.dsv'
[2.366s] INFO:colcon.colcon_core.shell:Creating environment hook '/home/kim/rodog_ws/install/rodog_description/share/rodog_description/hook/cmake_prefix_path.sh'
[2.367s] Level 1:colcon.colcon_core.environment:checking '/home/kim/rodog_ws/install/rodog_description/bin'
[2.367s] Level 1:colcon.colcon_core.environment:checking '/home/kim/rodog_ws/install/rodog_description/lib/pkgconfig/rodog_description.pc'
[2.367s] Level 1:colcon.colcon_core.environment:checking '/home/kim/rodog_ws/install/rodog_description/lib/python3.10/site-packages'
[2.368s] Level 1:colcon.colcon_core.environment:checking '/home/kim/rodog_ws/install/rodog_description/bin'
[2.380s] INFO:colcon.colcon_core.shell:Creating package script '/home/kim/rodog_ws/install/rodog_description/share/rodog_description/package.ps1'
[2.382s] INFO:colcon.colcon_core.shell:Creating package descriptor '/home/kim/rodog_ws/install/rodog_description/share/rodog_description/package.dsv'
[2.383s] INFO:colcon.colcon_core.shell:Creating package script '/home/kim/rodog_ws/install/rodog_description/share/rodog_description/package.sh'
[2.384s] INFO:colcon.colcon_core.shell:Creating package script '/home/kim/rodog_ws/install/rodog_description/share/rodog_description/package.bash'
[2.385s] INFO:colcon.colcon_core.shell:Creating package script '/home/kim/rodog_ws/install/rodog_description/share/rodog_description/package.zsh'
[2.386s] Level 1:colcon.colcon_core.environment:create_file_with_runtime_dependencies(/home/kim/rodog_ws/install/rodog_description/share/colcon-core/packages/rodog_description)
[2.457s] Level 1:colcon.colcon_core.environment:create_environment_scripts_only(rodog_description)
[2.473s] Level 1:colcon.colcon_core.environment:checking '/home/kim/rodog_ws/install/rodog_description' for CMake module files
[2.474s] Level 1:colcon.colcon_core.environment:checking '/home/kim/rodog_ws/install/rodog_description' for CMake config files
[2.474s] Level 1:colcon.colcon_core.shell:create_environment_hook('rodog_description', 'cmake_prefix_path')
[2.491s] INFO:colcon.colcon_core.shell:Creating environment hook '/home/kim/rodog_ws/install/rodog_description/share/rodog_description/hook/cmake_prefix_path.ps1'
[2.492s] INFO:colcon.colcon_core.shell:Creating environment descriptor '/home/kim/rodog_ws/install/rodog_description/share/rodog_description/hook/cmake_prefix_path.dsv'
[2.492s] INFO:colcon.colcon_core.shell:Creating environment hook '/home/kim/rodog_ws/install/rodog_description/share/rodog_description/hook/cmake_prefix_path.sh'
[2.493s] Level 1:colcon.colcon_core.environment:checking '/home/kim/rodog_ws/install/rodog_description/bin'
[2.493s] Level 1:colcon.colcon_core.environment:checking '/home/kim/rodog_ws/install/rodog_description/lib/pkgconfig/rodog_description.pc'
[2.493s] Level 1:colcon.colcon_core.environment:checking '/home/kim/rodog_ws/install/rodog_description/lib/python3.10/site-packages'
[2.494s] Level 1:colcon.colcon_core.environment:checking '/home/kim/rodog_ws/install/rodog_description/bin'
[2.541s] INFO:colcon.colcon_core.shell:Creating package script '/home/kim/rodog_ws/install/rodog_description/share/rodog_description/package.ps1'
[2.544s] INFO:colcon.colcon_core.shell:Creating package descriptor '/home/kim/rodog_ws/install/rodog_description/share/rodog_description/package.dsv'
[2.547s] INFO:colcon.colcon_core.shell:Creating package script '/home/kim/rodog_ws/install/rodog_description/share/rodog_description/package.sh'
[2.550s] INFO:colcon.colcon_core.shell:Creating package script '/home/kim/rodog_ws/install/rodog_description/share/rodog_description/package.bash'
[2.552s] INFO:colcon.colcon_core.shell:Creating package script '/home/kim/rodog_ws/install/rodog_description/share/rodog_description/package.zsh'
[2.554s] Level 1:colcon.colcon_core.environment:create_file_with_runtime_dependencies(/home/kim/rodog_ws/install/rodog_description/share/colcon-core/packages/rodog_description)
[2.555s] DEBUG:colcon.colcon_parallel_executor.executor.parallel:closing loop
[2.557s] DEBUG:colcon.colcon_parallel_executor.executor.parallel:loop closed
[2.558s] DEBUG:colcon.colcon_parallel_executor.executor.parallel:run_until_complete finished with '0'
[2.559s] DEBUG:colcon.colcon_core.event_reactor:joining thread
[2.601s] INFO:colcon.colcon_core.plugin_system:Skipping extension 'colcon_notification.desktop_notification.terminal_notifier': Not used on non-Darwin systems
[2.602s] INFO:colcon.colcon_core.plugin_system:Skipping extension 'colcon_notification.desktop_notification.win32': Not used on non-Windows systems
[2.602s] INFO:colcon.colcon_notification.desktop_notification:Sending desktop notification using 'notify2'
[2.630s] DEBUG:colcon.colcon_core.event_reactor:joined thread
[2.654s] INFO:colcon.colcon_core.shell:Creating prefix script '/home/kim/rodog_ws/install/local_setup.ps1'
[2.656s] INFO:colcon.colcon_core.shell:Creating prefix util module '/home/kim/rodog_ws/install/_local_setup_util_ps1.py'
[2.658s] INFO:colcon.colcon_core.shell:Creating prefix chain script '/home/kim/rodog_ws/install/setup.ps1'
[2.674s] INFO:colcon.colcon_core.shell:Creating prefix script '/home/kim/rodog_ws/install/local_setup.sh'
[2.675s] INFO:colcon.colcon_core.shell:Creating prefix util module '/home/kim/rodog_ws/install/_local_setup_util_sh.py'
[2.675s] INFO:colcon.colcon_core.shell:Creating prefix chain script '/home/kim/rodog_ws/install/setup.sh'
[2.703s] INFO:colcon.colcon_core.shell:Creating prefix script '/home/kim/rodog_ws/install/local_setup.bash'
[2.704s] INFO:colcon.colcon_core.shell:Creating prefix chain script '/home/kim/rodog_ws/install/setup.bash'
[2.727s] INFO:colcon.colcon_core.shell:Creating prefix script '/home/kim/rodog_ws/install/local_setup.zsh'
[2.729s] INFO:colcon.colcon_core.shell:Creating prefix chain script '/home/kim/rodog_ws/install/setup.zsh'
