[0.572s] DEBUG:colcon:Command line arguments: ['/usr/bin/colcon', 'build']
[0.572s] DEBUG:colcon:Parsed command line arguments: Namespace(log_base=None, log_level=None, verb_name='build', build_base='build', install_base='install', merge_install=False, symlink_install=False, test_result_base=None, continue_on_error=False, executor='parallel', parallel_workers=2, event_handlers=None, ignore_user_meta=False, metas=['./colcon.meta'], base_paths=['.'], packages_ignore=None, packages_ignore_regex=None, paths=None, packages_up_to=None, packages_up_to_regex=None, packages_above=None, packages_above_and_dependencies=None, packages_above_depth=None, packages_select_by_dep=None, packages_skip_by_dep=None, packages_skip_up_to=None, packages_select_build_failed=False, packages_skip_build_finished=False, packages_select_test_failures=False, packages_skip_test_passed=False, packages_select=None, packages_skip=None, packages_select_regex=None, packages_skip_regex=None, packages_start=None, packages_end=None, allow_overriding=[], cmake_args=None, cmake_target=None, cmake_target_skip_unavailable=False, cmake_clean_cache=False, cmake_clean_first=False, cmake_force_configure=False, ament_cmake_args=None, catkin_cmake_args=None, catkin_skip_building_tests=False, verb_parser=<colcon_defaults.argument_parser.defaults.DefaultArgumentsDecorator object at 0x72ce53829810>, verb_extension=<colcon_core.verb.build.BuildVerb object at 0x72ce5399dbd0>, main=<bound method BuildVerb.main of <colcon_core.verb.build.BuildVerb object at 0x72ce5399dbd0>>)
[1.227s] Level 1:colcon.colcon_core.package_discovery:discover_packages(colcon_meta) check parameters
[1.227s] Level 1:colcon.colcon_core.package_discovery:discover_packages(recursive) check parameters
[1.227s] Level 1:colcon.colcon_core.package_discovery:discover_packages(ignore) check parameters
[1.227s] Level 1:colcon.colcon_core.package_discovery:discover_packages(path) check parameters
[1.228s] Level 1:colcon.colcon_core.package_discovery:discover_packages(colcon_meta) discover
[1.228s] Level 1:colcon.colcon_core.package_discovery:discover_packages(recursive) discover
[1.228s] INFO:colcon.colcon_core.package_discovery:Crawling recursively for packages in '/home/kim/rodog_ws'
[1.228s] Level 1:colcon.colcon_core.package_identification:_identify(.) by extensions ['ignore', 'ignore_ament_install']
[1.228s] Level 1:colcon.colcon_core.package_identification:_identify(.) by extension 'ignore'
[1.228s] Level 1:colcon.colcon_core.package_identification:_identify(.) by extension 'ignore_ament_install'
[1.228s] Level 1:colcon.colcon_core.package_identification:_identify(.) by extensions ['colcon_pkg']
[1.228s] Level 1:colcon.colcon_core.package_identification:_identify(.) by extension 'colcon_pkg'
[1.228s] Level 1:colcon.colcon_core.package_identification:_identify(.) by extensions ['colcon_meta']
[1.228s] Level 1:colcon.colcon_core.package_identification:_identify(.) by extension 'colcon_meta'
[1.228s] Level 1:colcon.colcon_core.package_identification:_identify(.) by extensions ['ros']
[1.228s] Level 1:colcon.colcon_core.package_identification:_identify(.) by extension 'ros'
[1.250s] Level 1:colcon.colcon_core.package_identification:_identify(.) by extensions ['cmake', 'python']
[1.250s] Level 1:colcon.colcon_core.package_identification:_identify(.) by extension 'cmake'
[1.250s] Level 1:colcon.colcon_core.package_identification:_identify(.) by extension 'python'
[1.250s] Level 1:colcon.colcon_core.package_identification:_identify(.) by extensions ['python_setup_py']
[1.250s] Level 1:colcon.colcon_core.package_identification:_identify(.) by extension 'python_setup_py'
[1.250s] Level 1:colcon.colcon_core.package_identification:_identify(build) by extensions ['ignore', 'ignore_ament_install']
[1.250s] Level 1:colcon.colcon_core.package_identification:_identify(build) by extension 'ignore'
[1.250s] Level 1:colcon.colcon_core.package_identification:_identify(build) ignored
[1.251s] Level 1:colcon.colcon_core.package_identification:_identify(install) by extensions ['ignore', 'ignore_ament_install']
[1.251s] Level 1:colcon.colcon_core.package_identification:_identify(install) by extension 'ignore'
[1.251s] Level 1:colcon.colcon_core.package_identification:_identify(install) ignored
[1.251s] Level 1:colcon.colcon_core.package_identification:_identify(log) by extensions ['ignore', 'ignore_ament_install']
[1.251s] Level 1:colcon.colcon_core.package_identification:_identify(log) by extension 'ignore'
[1.251s] Level 1:colcon.colcon_core.package_identification:_identify(log) ignored
[1.251s] Level 1:colcon.colcon_core.package_identification:_identify(src) by extensions ['ignore', 'ignore_ament_install']
[1.251s] Level 1:colcon.colcon_core.package_identification:_identify(src) by extension 'ignore'
[1.251s] Level 1:colcon.colcon_core.package_identification:_identify(src) by extension 'ignore_ament_install'
[1.251s] Level 1:colcon.colcon_core.package_identification:_identify(src) by extensions ['colcon_pkg']
[1.251s] Level 1:colcon.colcon_core.package_identification:_identify(src) by extension 'colcon_pkg'
[1.251s] Level 1:colcon.colcon_core.package_identification:_identify(src) by extensions ['colcon_meta']
[1.251s] Level 1:colcon.colcon_core.package_identification:_identify(src) by extension 'colcon_meta'
[1.251s] Level 1:colcon.colcon_core.package_identification:_identify(src) by extensions ['ros']
[1.251s] Level 1:colcon.colcon_core.package_identification:_identify(src) by extension 'ros'
[1.251s] Level 1:colcon.colcon_core.package_identification:_identify(src) by extensions ['cmake', 'python']
[1.251s] Level 1:colcon.colcon_core.package_identification:_identify(src) by extension 'cmake'
[1.251s] Level 1:colcon.colcon_core.package_identification:_identify(src) by extension 'python'
[1.251s] Level 1:colcon.colcon_core.package_identification:_identify(src) by extensions ['python_setup_py']
[1.251s] Level 1:colcon.colcon_core.package_identification:_identify(src) by extension 'python_setup_py'
[1.251s] Level 1:colcon.colcon_core.package_identification:_identify(src/rodog_description) by extensions ['ignore', 'ignore_ament_install']
[1.251s] Level 1:colcon.colcon_core.package_identification:_identify(src/rodog_description) by extension 'ignore'
[1.251s] Level 1:colcon.colcon_core.package_identification:_identify(src/rodog_description) by extension 'ignore_ament_install'
[1.251s] Level 1:colcon.colcon_core.package_identification:_identify(src/rodog_description) by extensions ['colcon_pkg']
[1.251s] Level 1:colcon.colcon_core.package_identification:_identify(src/rodog_description) by extension 'colcon_pkg'
[1.251s] Level 1:colcon.colcon_core.package_identification:_identify(src/rodog_description) by extensions ['colcon_meta']
[1.251s] Level 1:colcon.colcon_core.package_identification:_identify(src/rodog_description) by extension 'colcon_meta'
[1.251s] Level 1:colcon.colcon_core.package_identification:_identify(src/rodog_description) by extensions ['ros']
[1.251s] Level 1:colcon.colcon_core.package_identification:_identify(src/rodog_description) by extension 'ros'
[1.258s] DEBUG:colcon.colcon_core.package_identification:Package 'src/rodog_description' with type 'ros.ament_cmake' and name 'rodog_description'
[1.258s] Level 1:colcon.colcon_core.package_identification:_identify(src/rodog_hardware) by extensions ['ignore', 'ignore_ament_install']
[1.259s] Level 1:colcon.colcon_core.package_identification:_identify(src/rodog_hardware) by extension 'ignore'
[1.259s] Level 1:colcon.colcon_core.package_identification:_identify(src/rodog_hardware) by extension 'ignore_ament_install'
[1.259s] Level 1:colcon.colcon_core.package_identification:_identify(src/rodog_hardware) by extensions ['colcon_pkg']
[1.259s] Level 1:colcon.colcon_core.package_identification:_identify(src/rodog_hardware) by extension 'colcon_pkg'
[1.259s] Level 1:colcon.colcon_core.package_identification:_identify(src/rodog_hardware) by extensions ['colcon_meta']
[1.259s] Level 1:colcon.colcon_core.package_identification:_identify(src/rodog_hardware) by extension 'colcon_meta'
[1.259s] Level 1:colcon.colcon_core.package_identification:_identify(src/rodog_hardware) by extensions ['ros']
[1.259s] Level 1:colcon.colcon_core.package_identification:_identify(src/rodog_hardware) by extension 'ros'
[1.259s] Level 1:colcon.colcon_core.package_identification:_identify(src/rodog_hardware) by extensions ['cmake', 'python']
[1.259s] Level 1:colcon.colcon_core.package_identification:_identify(src/rodog_hardware) by extension 'cmake'
[1.260s] Level 1:colcon.colcon_core.package_identification:_identify(src/rodog_hardware) by extension 'python'
[1.260s] Level 1:colcon.colcon_core.package_identification:_identify(src/rodog_hardware) by extensions ['python_setup_py']
[1.260s] Level 1:colcon.colcon_core.package_identification:_identify(src/rodog_hardware) by extension 'python_setup_py'
[1.260s] Level 1:colcon.colcon_core.package_identification:_identify(src/rodog_hardware/servo_config) by extensions ['ignore', 'ignore_ament_install']
[1.260s] Level 1:colcon.colcon_core.package_identification:_identify(src/rodog_hardware/servo_config) by extension 'ignore'
[1.260s] Level 1:colcon.colcon_core.package_identification:_identify(src/rodog_hardware/servo_config) by extension 'ignore_ament_install'
[1.260s] Level 1:colcon.colcon_core.package_identification:_identify(src/rodog_hardware/servo_config) by extensions ['colcon_pkg']
[1.260s] Level 1:colcon.colcon_core.package_identification:_identify(src/rodog_hardware/servo_config) by extension 'colcon_pkg'
[1.260s] Level 1:colcon.colcon_core.package_identification:_identify(src/rodog_hardware/servo_config) by extensions ['colcon_meta']
[1.260s] Level 1:colcon.colcon_core.package_identification:_identify(src/rodog_hardware/servo_config) by extension 'colcon_meta'
[1.260s] Level 1:colcon.colcon_core.package_identification:_identify(src/rodog_hardware/servo_config) by extensions ['ros']
[1.261s] Level 1:colcon.colcon_core.package_identification:_identify(src/rodog_hardware/servo_config) by extension 'ros'
[1.262s] DEBUG:colcon.colcon_core.package_identification:Package 'src/rodog_hardware/servo_config' with type 'ros.ament_python' and name 'servo_config'
[1.263s] Level 1:colcon.colcon_core.package_discovery:discover_packages(recursive) using defaults
[1.263s] Level 1:colcon.colcon_core.package_discovery:discover_packages(ignore) discover
[1.263s] Level 1:colcon.colcon_core.package_discovery:discover_packages(ignore) using defaults
[1.263s] Level 1:colcon.colcon_core.package_discovery:discover_packages(path) discover
[1.263s] Level 1:colcon.colcon_core.package_discovery:discover_packages(path) using defaults
[1.343s] Level 1:colcon.colcon_core.package_discovery:discover_packages(prefix_path) check parameters
[1.344s] Level 1:colcon.colcon_core.package_discovery:discover_packages(prefix_path) discover
[1.353s] DEBUG:colcon.colcon_installed_package_information.package_discovery:Found 2 installed packages in /home/kim/rodog_ws/install
[1.358s] DEBUG:colcon.colcon_installed_package_information.package_discovery:Found 329 installed packages in /opt/ros/humble
[1.364s] Level 1:colcon.colcon_core.package_discovery:discover_packages(prefix_path) using defaults
[1.422s] Level 5:colcon.colcon_core.verb:set package 'rodog_description' build argument 'cmake_args' from command line to 'None'
[1.422s] Level 5:colcon.colcon_core.verb:set package 'rodog_description' build argument 'cmake_target' from command line to 'None'
[1.422s] Level 5:colcon.colcon_core.verb:set package 'rodog_description' build argument 'cmake_target_skip_unavailable' from command line to 'False'
[1.422s] Level 5:colcon.colcon_core.verb:set package 'rodog_description' build argument 'cmake_clean_cache' from command line to 'False'
[1.422s] Level 5:colcon.colcon_core.verb:set package 'rodog_description' build argument 'cmake_clean_first' from command line to 'False'
[1.422s] Level 5:colcon.colcon_core.verb:set package 'rodog_description' build argument 'cmake_force_configure' from command line to 'False'
[1.422s] Level 5:colcon.colcon_core.verb:set package 'rodog_description' build argument 'ament_cmake_args' from command line to 'None'
[1.422s] Level 5:colcon.colcon_core.verb:set package 'rodog_description' build argument 'catkin_cmake_args' from command line to 'None'
[1.422s] Level 5:colcon.colcon_core.verb:set package 'rodog_description' build argument 'catkin_skip_building_tests' from command line to 'False'
[1.422s] DEBUG:colcon.colcon_core.verb:Building package 'rodog_description' with the following arguments: {'ament_cmake_args': None, 'build_base': '/home/kim/rodog_ws/build/rodog_description', 'catkin_cmake_args': None, 'catkin_skip_building_tests': False, 'cmake_args': None, 'cmake_clean_cache': False, 'cmake_clean_first': False, 'cmake_force_configure': False, 'cmake_target': None, 'cmake_target_skip_unavailable': False, 'install_base': '/home/kim/rodog_ws/install/rodog_description', 'merge_install': False, 'path': '/home/kim/rodog_ws/src/rodog_description', 'symlink_install': False, 'test_result_base': None}
[1.422s] Level 5:colcon.colcon_core.verb:set package 'servo_config' build argument 'cmake_args' from command line to 'None'
[1.422s] Level 5:colcon.colcon_core.verb:set package 'servo_config' build argument 'cmake_target' from command line to 'None'
[1.422s] Level 5:colcon.colcon_core.verb:set package 'servo_config' build argument 'cmake_target_skip_unavailable' from command line to 'False'
[1.422s] Level 5:colcon.colcon_core.verb:set package 'servo_config' build argument 'cmake_clean_cache' from command line to 'False'
[1.422s] Level 5:colcon.colcon_core.verb:set package 'servo_config' build argument 'cmake_clean_first' from command line to 'False'
[1.423s] Level 5:colcon.colcon_core.verb:set package 'servo_config' build argument 'cmake_force_configure' from command line to 'False'
[1.423s] Level 5:colcon.colcon_core.verb:set package 'servo_config' build argument 'ament_cmake_args' from command line to 'None'
[1.423s] Level 5:colcon.colcon_core.verb:set package 'servo_config' build argument 'catkin_cmake_args' from command line to 'None'
[1.423s] Level 5:colcon.colcon_core.verb:set package 'servo_config' build argument 'catkin_skip_building_tests' from command line to 'False'
[1.423s] DEBUG:colcon.colcon_core.verb:Building package 'servo_config' with the following arguments: {'ament_cmake_args': None, 'build_base': '/home/kim/rodog_ws/build/servo_config', 'catkin_cmake_args': None, 'catkin_skip_building_tests': False, 'cmake_args': None, 'cmake_clean_cache': False, 'cmake_clean_first': False, 'cmake_force_configure': False, 'cmake_target': None, 'cmake_target_skip_unavailable': False, 'install_base': '/home/kim/rodog_ws/install/servo_config', 'merge_install': False, 'path': '/home/kim/rodog_ws/src/rodog_hardware/servo_config', 'symlink_install': False, 'test_result_base': None}
[1.423s] INFO:colcon.colcon_core.executor:Executing jobs using 'parallel' executor
[1.424s] DEBUG:colcon.colcon_parallel_executor.executor.parallel:run_until_complete
[1.425s] INFO:colcon.colcon_ros.task.ament_cmake.build:Building ROS package in '/home/kim/rodog_ws/src/rodog_description' with build type 'ament_cmake'
[1.425s] INFO:colcon.colcon_cmake.task.cmake.build:Building CMake package in '/home/kim/rodog_ws/src/rodog_description'
[1.443s] INFO:colcon.colcon_core.plugin_system:Skipping extension 'colcon_core.shell.bat': Not used on non-Windows systems
[1.444s] INFO:colcon.colcon_core.shell:Skip shell extension 'powershell' for command environment: Not usable outside of PowerShell
[1.444s] DEBUG:colcon.colcon_core.shell:Skip shell extension 'dsv' for command environment
[1.455s] INFO:colcon.colcon_ros.task.ament_python.build:Building ROS package in '/home/kim/rodog_ws/src/rodog_hardware/servo_config' with build type 'ament_python'
[1.455s] Level 1:colcon.colcon_core.shell:create_environment_hook('servo_config', 'ament_prefix_path')
[1.456s] INFO:colcon.colcon_core.shell:Creating environment hook '/home/kim/rodog_ws/install/servo_config/share/servo_config/hook/ament_prefix_path.ps1'
[1.461s] INFO:colcon.colcon_core.shell:Creating environment descriptor '/home/kim/rodog_ws/install/servo_config/share/servo_config/hook/ament_prefix_path.dsv'
[1.463s] INFO:colcon.colcon_core.shell:Creating environment hook '/home/kim/rodog_ws/install/servo_config/share/servo_config/hook/ament_prefix_path.sh'
[1.465s] INFO:colcon.colcon_core.shell:Skip shell extension 'powershell' for command environment: Not usable outside of PowerShell
[1.465s] DEBUG:colcon.colcon_core.shell:Skip shell extension 'dsv' for command environment
[1.491s] DEBUG:colcon.colcon_core.event_handler.log_command:Invoking command in '/home/kim/rodog_ws/build/rodog_description': CMAKE_PREFIX_PATH=${CMAKE_PREFIX_PATH}:/home/kim/rodog_ws/install/servo_config:/opt/ros/humble /usr/bin/cmake --build /home/kim/rodog_ws/build/rodog_description -- -j2 -l2
[1.908s] INFO:colcon.colcon_core.task.python.build:Building Python package in '/home/kim/rodog_ws/src/rodog_hardware/servo_config'
[1.909s] INFO:colcon.colcon_core.shell:Skip shell extension 'powershell' for command environment: Not usable outside of PowerShell
[1.909s] DEBUG:colcon.colcon_core.shell:Skip shell extension 'dsv' for command environment
[1.915s] DEBUG:colcon.colcon_core.event_handler.log_command:Invoked command in '/home/kim/rodog_ws/build/rodog_description' returned '0': CMAKE_PREFIX_PATH=${CMAKE_PREFIX_PATH}:/home/kim/rodog_ws/install/servo_config:/opt/ros/humble /usr/bin/cmake --build /home/kim/rodog_ws/build/rodog_description -- -j2 -l2
[1.956s] DEBUG:colcon.colcon_core.event_handler.log_command:Invoking command in '/home/kim/rodog_ws/build/rodog_description': CMAKE_PREFIX_PATH=${CMAKE_PREFIX_PATH}:/home/kim/rodog_ws/install/servo_config:/opt/ros/humble /usr/bin/cmake --install /home/kim/rodog_ws/build/rodog_description
[1.991s] Level 1:colcon.colcon_core.environment:create_environment_scripts_only(rodog_description)
[1.992s] DEBUG:colcon.colcon_core.event_handler.log_command:Invoked command in '/home/kim/rodog_ws/build/rodog_description' returned '0': CMAKE_PREFIX_PATH=${CMAKE_PREFIX_PATH}:/home/kim/rodog_ws/install/servo_config:/opt/ros/humble /usr/bin/cmake --install /home/kim/rodog_ws/build/rodog_description
[2.008s] Level 1:colcon.colcon_core.environment:checking '/home/kim/rodog_ws/install/rodog_description' for CMake module files
[2.009s] Level 1:colcon.colcon_core.environment:checking '/home/kim/rodog_ws/install/rodog_description' for CMake config files
[2.009s] Level 1:colcon.colcon_core.shell:create_environment_hook('rodog_description', 'cmake_prefix_path')
[2.009s] INFO:colcon.colcon_core.shell:Creating environment hook '/home/kim/rodog_ws/install/rodog_description/share/rodog_description/hook/cmake_prefix_path.ps1'
[2.010s] INFO:colcon.colcon_core.shell:Creating environment descriptor '/home/kim/rodog_ws/install/rodog_description/share/rodog_description/hook/cmake_prefix_path.dsv'
[2.011s] INFO:colcon.colcon_core.shell:Creating environment hook '/home/kim/rodog_ws/install/rodog_description/share/rodog_description/hook/cmake_prefix_path.sh'
[2.011s] Level 1:colcon.colcon_core.environment:checking '/home/kim/rodog_ws/install/rodog_description/bin'
[2.011s] Level 1:colcon.colcon_core.environment:checking '/home/kim/rodog_ws/install/rodog_description/lib/pkgconfig/rodog_description.pc'
[2.012s] Level 1:colcon.colcon_core.environment:checking '/home/kim/rodog_ws/install/rodog_description/lib/python3.10/site-packages'
[2.012s] Level 1:colcon.colcon_core.environment:checking '/home/kim/rodog_ws/install/rodog_description/bin'
[2.012s] INFO:colcon.colcon_core.shell:Creating package script '/home/kim/rodog_ws/install/rodog_description/share/rodog_description/package.ps1'
[2.014s] INFO:colcon.colcon_core.shell:Creating package descriptor '/home/kim/rodog_ws/install/rodog_description/share/rodog_description/package.dsv'
[2.017s] INFO:colcon.colcon_core.shell:Creating package script '/home/kim/rodog_ws/install/rodog_description/share/rodog_description/package.sh'
[2.021s] INFO:colcon.colcon_core.shell:Creating package script '/home/kim/rodog_ws/install/rodog_description/share/rodog_description/package.bash'
[2.025s] INFO:colcon.colcon_core.shell:Creating package script '/home/kim/rodog_ws/install/rodog_description/share/rodog_description/package.zsh'
[2.028s] Level 1:colcon.colcon_core.environment:create_file_with_runtime_dependencies(/home/kim/rodog_ws/install/rodog_description/share/colcon-core/packages/rodog_description)
[2.076s] Level 1:colcon.colcon_core.environment:create_environment_scripts_only(rodog_description)
[2.076s] Level 1:colcon.colcon_core.environment:checking '/home/kim/rodog_ws/install/rodog_description' for CMake module files
[2.077s] Level 1:colcon.colcon_core.environment:checking '/home/kim/rodog_ws/install/rodog_description' for CMake config files
[2.077s] Level 1:colcon.colcon_core.shell:create_environment_hook('rodog_description', 'cmake_prefix_path')
[2.077s] INFO:colcon.colcon_core.shell:Creating environment hook '/home/kim/rodog_ws/install/rodog_description/share/rodog_description/hook/cmake_prefix_path.ps1'
[2.078s] INFO:colcon.colcon_core.shell:Creating environment descriptor '/home/kim/rodog_ws/install/rodog_description/share/rodog_description/hook/cmake_prefix_path.dsv'
[2.078s] INFO:colcon.colcon_core.shell:Creating environment hook '/home/kim/rodog_ws/install/rodog_description/share/rodog_description/hook/cmake_prefix_path.sh'
[2.079s] Level 1:colcon.colcon_core.environment:checking '/home/kim/rodog_ws/install/rodog_description/bin'
[2.079s] Level 1:colcon.colcon_core.environment:checking '/home/kim/rodog_ws/install/rodog_description/lib/pkgconfig/rodog_description.pc'
[2.079s] Level 1:colcon.colcon_core.environment:checking '/home/kim/rodog_ws/install/rodog_description/lib/python3.10/site-packages'
[2.080s] Level 1:colcon.colcon_core.environment:checking '/home/kim/rodog_ws/install/rodog_description/bin'
[2.080s] INFO:colcon.colcon_core.shell:Creating package script '/home/kim/rodog_ws/install/rodog_description/share/rodog_description/package.ps1'
[2.081s] INFO:colcon.colcon_core.shell:Creating package descriptor '/home/kim/rodog_ws/install/rodog_description/share/rodog_description/package.dsv'
[2.082s] INFO:colcon.colcon_core.shell:Creating package script '/home/kim/rodog_ws/install/rodog_description/share/rodog_description/package.sh'
[2.082s] INFO:colcon.colcon_core.shell:Creating package script '/home/kim/rodog_ws/install/rodog_description/share/rodog_description/package.bash'
[2.083s] INFO:colcon.colcon_core.shell:Creating package script '/home/kim/rodog_ws/install/rodog_description/share/rodog_description/package.zsh'
[2.084s] Level 1:colcon.colcon_core.environment:create_file_with_runtime_dependencies(/home/kim/rodog_ws/install/rodog_description/share/colcon-core/packages/rodog_description)
[3.385s] DEBUG:colcon.colcon_core.event_handler.log_command:Invoking command in '/home/kim/rodog_ws/src/rodog_hardware/servo_config': PYTHONPATH=/home/kim/rodog_ws/build/servo_config/prefix_override:/home/kim/rodog_ws/install/servo_config/lib/python3.10/site-packages:${PYTHONPATH} /usr/bin/python3 -W ignore:setup.py install is deprecated setup.py egg_info --egg-base ../../../build/servo_config build --build-base /home/kim/rodog_ws/build/servo_config/build install --record /home/kim/rodog_ws/build/servo_config/install.log --single-version-externally-managed install_data
[3.861s] Level 1:colcon.colcon_core.environment:checking '/home/kim/rodog_ws/install/servo_config' for CMake module files
[3.861s] Level 1:colcon.colcon_core.environment:checking '/home/kim/rodog_ws/install/servo_config' for CMake config files
[3.862s] Level 1:colcon.colcon_core.environment:checking '/home/kim/rodog_ws/install/servo_config/lib'
[3.862s] Level 1:colcon.colcon_core.environment:checking '/home/kim/rodog_ws/install/servo_config/bin'
[3.862s] Level 1:colcon.colcon_core.environment:checking '/home/kim/rodog_ws/install/servo_config/lib/pkgconfig/servo_config.pc'
[3.862s] Level 1:colcon.colcon_core.environment:checking '/home/kim/rodog_ws/install/servo_config/lib/python3.10/site-packages'
[3.862s] Level 1:colcon.colcon_core.shell:create_environment_hook('servo_config', 'pythonpath')
[3.862s] INFO:colcon.colcon_core.shell:Creating environment hook '/home/kim/rodog_ws/install/servo_config/share/servo_config/hook/pythonpath.ps1'
[3.863s] INFO:colcon.colcon_core.shell:Creating environment descriptor '/home/kim/rodog_ws/install/servo_config/share/servo_config/hook/pythonpath.dsv'
[3.863s] INFO:colcon.colcon_core.shell:Creating environment hook '/home/kim/rodog_ws/install/servo_config/share/servo_config/hook/pythonpath.sh'
[3.864s] Level 1:colcon.colcon_core.environment:checking '/home/kim/rodog_ws/install/servo_config/bin'
[3.864s] Level 1:colcon.colcon_core.environment:create_environment_scripts_only(servo_config)
[3.865s] INFO:colcon.colcon_core.shell:Creating package script '/home/kim/rodog_ws/install/servo_config/share/servo_config/package.ps1'
[3.865s] INFO:colcon.colcon_core.shell:Creating package descriptor '/home/kim/rodog_ws/install/servo_config/share/servo_config/package.dsv'
[3.865s] DEBUG:colcon.colcon_core.event_handler.log_command:Invoked command in '/home/kim/rodog_ws/src/rodog_hardware/servo_config' returned '0': PYTHONPATH=/home/kim/rodog_ws/build/servo_config/prefix_override:/home/kim/rodog_ws/install/servo_config/lib/python3.10/site-packages:${PYTHONPATH} /usr/bin/python3 -W ignore:setup.py install is deprecated setup.py egg_info --egg-base ../../../build/servo_config build --build-base /home/kim/rodog_ws/build/servo_config/build install --record /home/kim/rodog_ws/build/servo_config/install.log --single-version-externally-managed install_data
[3.866s] INFO:colcon.colcon_core.shell:Creating package script '/home/kim/rodog_ws/install/servo_config/share/servo_config/package.sh'
[3.867s] INFO:colcon.colcon_core.shell:Creating package script '/home/kim/rodog_ws/install/servo_config/share/servo_config/package.bash'
[3.867s] INFO:colcon.colcon_core.shell:Creating package script '/home/kim/rodog_ws/install/servo_config/share/servo_config/package.zsh'
[3.867s] Level 1:colcon.colcon_core.environment:create_file_with_runtime_dependencies(/home/kim/rodog_ws/install/servo_config/share/colcon-core/packages/servo_config)
[3.868s] DEBUG:colcon.colcon_parallel_executor.executor.parallel:closing loop
[3.868s] DEBUG:colcon.colcon_parallel_executor.executor.parallel:loop closed
[3.868s] DEBUG:colcon.colcon_parallel_executor.executor.parallel:run_until_complete finished with '0'
[3.868s] DEBUG:colcon.colcon_core.event_reactor:joining thread
[3.883s] INFO:colcon.colcon_core.plugin_system:Skipping extension 'colcon_notification.desktop_notification.terminal_notifier': Not used on non-Darwin systems
[3.883s] INFO:colcon.colcon_core.plugin_system:Skipping extension 'colcon_notification.desktop_notification.win32': Not used on non-Windows systems
[3.883s] INFO:colcon.colcon_notification.desktop_notification:Sending desktop notification using 'notify2'
[3.904s] DEBUG:colcon.colcon_core.event_reactor:joined thread
[3.904s] INFO:colcon.colcon_core.shell:Creating prefix script '/home/kim/rodog_ws/install/local_setup.ps1'
[3.907s] INFO:colcon.colcon_core.shell:Creating prefix util module '/home/kim/rodog_ws/install/_local_setup_util_ps1.py'
[3.909s] INFO:colcon.colcon_core.shell:Creating prefix chain script '/home/kim/rodog_ws/install/setup.ps1'
[3.911s] INFO:colcon.colcon_core.shell:Creating prefix script '/home/kim/rodog_ws/install/local_setup.sh'
[3.913s] INFO:colcon.colcon_core.shell:Creating prefix util module '/home/kim/rodog_ws/install/_local_setup_util_sh.py'
[3.914s] INFO:colcon.colcon_core.shell:Creating prefix chain script '/home/kim/rodog_ws/install/setup.sh'
[3.917s] INFO:colcon.colcon_core.shell:Creating prefix script '/home/kim/rodog_ws/install/local_setup.bash'
[3.920s] INFO:colcon.colcon_core.shell:Creating prefix chain script '/home/kim/rodog_ws/install/setup.bash'
[3.923s] INFO:colcon.colcon_core.shell:Creating prefix script '/home/kim/rodog_ws/install/local_setup.zsh'
[3.926s] INFO:colcon.colcon_core.shell:Creating prefix chain script '/home/kim/rodog_ws/install/setup.zsh'
