[1.602s] DEBUG:colcon:Command line arguments: ['/usr/bin/colcon', 'build']
[1.602s] DEBUG:colcon:Parsed command line arguments: Namespace(log_base=None, log_level=None, verb_name='build', build_base='build', install_base='install', merge_install=False, symlink_install=False, test_result_base=None, continue_on_error=False, executor='parallel', parallel_workers=2, event_handlers=None, ignore_user_meta=False, metas=['./colcon.meta'], base_paths=['.'], packages_ignore=None, packages_ignore_regex=None, paths=None, packages_up_to=None, packages_up_to_regex=None, packages_above=None, packages_above_and_dependencies=None, packages_above_depth=None, packages_select_by_dep=None, packages_skip_by_dep=None, packages_skip_up_to=None, packages_select_build_failed=False, packages_skip_build_finished=False, packages_select_test_failures=False, packages_skip_test_passed=False, packages_select=None, packages_skip=None, packages_select_regex=None, packages_skip_regex=None, packages_start=None, packages_end=None, allow_overriding=[], cmake_args=None, cmake_target=None, cmake_target_skip_unavailable=False, cmake_clean_cache=False, cmake_clean_first=False, cmake_force_configure=False, ament_cmake_args=None, catkin_cmake_args=None, catkin_skip_building_tests=False, verb_parser=<colcon_defaults.argument_parser.defaults.DefaultArgumentsDecorator object at 0x7ad760961660>, verb_extension=<colcon_core.verb.build.BuildVerb object at 0x7ad760963490>, main=<bound method BuildVerb.main of <colcon_core.verb.build.BuildVerb object at 0x7ad760963490>>)
[1.707s] Level 1:colcon.colcon_core.package_discovery:discover_packages(colcon_meta) check parameters
[1.708s] Level 1:colcon.colcon_core.package_discovery:discover_packages(recursive) check parameters
[1.708s] Level 1:colcon.colcon_core.package_discovery:discover_packages(ignore) check parameters
[1.708s] Level 1:colcon.colcon_core.package_discovery:discover_packages(path) check parameters
[1.708s] Level 1:colcon.colcon_core.package_discovery:discover_packages(colcon_meta) discover
[1.708s] Level 1:colcon.colcon_core.package_discovery:discover_packages(recursive) discover
[1.709s] INFO:colcon.colcon_core.package_discovery:Crawling recursively for packages in '/home/kim/rodog_ws'
[1.709s] Level 1:colcon.colcon_core.package_identification:_identify(.) by extensions ['ignore', 'ignore_ament_install']
[1.709s] Level 1:colcon.colcon_core.package_identification:_identify(.) by extension 'ignore'
[1.709s] Level 1:colcon.colcon_core.package_identification:_identify(.) by extension 'ignore_ament_install'
[1.709s] Level 1:colcon.colcon_core.package_identification:_identify(.) by extensions ['colcon_pkg']
[1.709s] Level 1:colcon.colcon_core.package_identification:_identify(.) by extension 'colcon_pkg'
[1.709s] Level 1:colcon.colcon_core.package_identification:_identify(.) by extensions ['colcon_meta']
[1.709s] Level 1:colcon.colcon_core.package_identification:_identify(.) by extension 'colcon_meta'
[1.710s] Level 1:colcon.colcon_core.package_identification:_identify(.) by extensions ['ros']
[1.710s] Level 1:colcon.colcon_core.package_identification:_identify(.) by extension 'ros'
[1.730s] Level 1:colcon.colcon_core.package_identification:_identify(.) by extensions ['cmake', 'python']
[1.730s] Level 1:colcon.colcon_core.package_identification:_identify(.) by extension 'cmake'
[1.731s] Level 1:colcon.colcon_core.package_identification:_identify(.) by extension 'python'
[1.731s] Level 1:colcon.colcon_core.package_identification:_identify(.) by extensions ['python_setup_py']
[1.731s] Level 1:colcon.colcon_core.package_identification:_identify(.) by extension 'python_setup_py'
[1.732s] Level 1:colcon.colcon_core.package_identification:_identify(build) by extensions ['ignore', 'ignore_ament_install']
[1.732s] Level 1:colcon.colcon_core.package_identification:_identify(build) by extension 'ignore'
[1.732s] Level 1:colcon.colcon_core.package_identification:_identify(build) ignored
[1.733s] Level 1:colcon.colcon_core.package_identification:_identify(install) by extensions ['ignore', 'ignore_ament_install']
[1.734s] Level 1:colcon.colcon_core.package_identification:_identify(install) by extension 'ignore'
[1.734s] Level 1:colcon.colcon_core.package_identification:_identify(install) ignored
[1.734s] Level 1:colcon.colcon_core.package_identification:_identify(log) by extensions ['ignore', 'ignore_ament_install']
[1.734s] Level 1:colcon.colcon_core.package_identification:_identify(log) by extension 'ignore'
[1.734s] Level 1:colcon.colcon_core.package_identification:_identify(log) ignored
[1.734s] Level 1:colcon.colcon_core.package_identification:_identify(src) by extensions ['ignore', 'ignore_ament_install']
[1.735s] Level 1:colcon.colcon_core.package_identification:_identify(src) by extension 'ignore'
[1.735s] Level 1:colcon.colcon_core.package_identification:_identify(src) by extension 'ignore_ament_install'
[1.735s] Level 1:colcon.colcon_core.package_identification:_identify(src) by extensions ['colcon_pkg']
[1.735s] Level 1:colcon.colcon_core.package_identification:_identify(src) by extension 'colcon_pkg'
[1.735s] Level 1:colcon.colcon_core.package_identification:_identify(src) by extensions ['colcon_meta']
[1.736s] Level 1:colcon.colcon_core.package_identification:_identify(src) by extension 'colcon_meta'
[1.736s] Level 1:colcon.colcon_core.package_identification:_identify(src) by extensions ['ros']
[1.736s] Level 1:colcon.colcon_core.package_identification:_identify(src) by extension 'ros'
[1.736s] Level 1:colcon.colcon_core.package_identification:_identify(src) by extensions ['cmake', 'python']
[1.736s] Level 1:colcon.colcon_core.package_identification:_identify(src) by extension 'cmake'
[1.737s] Level 1:colcon.colcon_core.package_identification:_identify(src) by extension 'python'
[1.737s] Level 1:colcon.colcon_core.package_identification:_identify(src) by extensions ['python_setup_py']
[1.737s] Level 1:colcon.colcon_core.package_identification:_identify(src) by extension 'python_setup_py'
[1.738s] Level 1:colcon.colcon_core.package_identification:_identify(src/rodog_description) by extensions ['ignore', 'ignore_ament_install']
[1.738s] Level 1:colcon.colcon_core.package_identification:_identify(src/rodog_description) by extension 'ignore'
[1.738s] Level 1:colcon.colcon_core.package_identification:_identify(src/rodog_description) by extension 'ignore_ament_install'
[1.739s] Level 1:colcon.colcon_core.package_identification:_identify(src/rodog_description) by extensions ['colcon_pkg']
[1.739s] Level 1:colcon.colcon_core.package_identification:_identify(src/rodog_description) by extension 'colcon_pkg'
[1.739s] Level 1:colcon.colcon_core.package_identification:_identify(src/rodog_description) by extensions ['colcon_meta']
[1.739s] Level 1:colcon.colcon_core.package_identification:_identify(src/rodog_description) by extension 'colcon_meta'
[1.739s] Level 1:colcon.colcon_core.package_identification:_identify(src/rodog_description) by extensions ['ros']
[1.739s] Level 1:colcon.colcon_core.package_identification:_identify(src/rodog_description) by extension 'ros'
[1.748s] DEBUG:colcon.colcon_core.package_identification:Package 'src/rodog_description' with type 'ros.ament_cmake' and name 'rodog_description'
[1.748s] Level 1:colcon.colcon_core.package_discovery:discover_packages(recursive) using defaults
[1.748s] Level 1:colcon.colcon_core.package_discovery:discover_packages(ignore) discover
[1.748s] Level 1:colcon.colcon_core.package_discovery:discover_packages(ignore) using defaults
[1.748s] Level 1:colcon.colcon_core.package_discovery:discover_packages(path) discover
[1.748s] Level 1:colcon.colcon_core.package_discovery:discover_packages(path) using defaults
[1.900s] Level 1:colcon.colcon_core.package_discovery:discover_packages(prefix_path) check parameters
[1.900s] Level 1:colcon.colcon_core.package_discovery:discover_packages(prefix_path) discover
[1.934s] DEBUG:colcon.colcon_installed_package_information.package_discovery:Found 1 installed packages in /home/kim/rodog_ws/install
[1.951s] DEBUG:colcon.colcon_installed_package_information.package_discovery:Found 328 installed packages in /opt/ros/humble
[1.962s] Level 1:colcon.colcon_core.package_discovery:discover_packages(prefix_path) using defaults
[2.089s] Level 5:colcon.colcon_core.verb:set package 'rodog_description' build argument 'cmake_args' from command line to 'None'
[2.089s] Level 5:colcon.colcon_core.verb:set package 'rodog_description' build argument 'cmake_target' from command line to 'None'
[2.089s] Level 5:colcon.colcon_core.verb:set package 'rodog_description' build argument 'cmake_target_skip_unavailable' from command line to 'False'
[2.089s] Level 5:colcon.colcon_core.verb:set package 'rodog_description' build argument 'cmake_clean_cache' from command line to 'False'
[2.089s] Level 5:colcon.colcon_core.verb:set package 'rodog_description' build argument 'cmake_clean_first' from command line to 'False'
[2.090s] Level 5:colcon.colcon_core.verb:set package 'rodog_description' build argument 'cmake_force_configure' from command line to 'False'
[2.090s] Level 5:colcon.colcon_core.verb:set package 'rodog_description' build argument 'ament_cmake_args' from command line to 'None'
[2.090s] Level 5:colcon.colcon_core.verb:set package 'rodog_description' build argument 'catkin_cmake_args' from command line to 'None'
[2.090s] Level 5:colcon.colcon_core.verb:set package 'rodog_description' build argument 'catkin_skip_building_tests' from command line to 'False'
[2.090s] DEBUG:colcon.colcon_core.verb:Building package 'rodog_description' with the following arguments: {'ament_cmake_args': None, 'build_base': '/home/kim/rodog_ws/build/rodog_description', 'catkin_cmake_args': None, 'catkin_skip_building_tests': False, 'cmake_args': None, 'cmake_clean_cache': False, 'cmake_clean_first': False, 'cmake_force_configure': False, 'cmake_target': None, 'cmake_target_skip_unavailable': False, 'install_base': '/home/kim/rodog_ws/install/rodog_description', 'merge_install': False, 'path': '/home/kim/rodog_ws/src/rodog_description', 'symlink_install': False, 'test_result_base': None}
[2.103s] INFO:colcon.colcon_core.executor:Executing jobs using 'parallel' executor
[2.120s] DEBUG:colcon.colcon_parallel_executor.executor.parallel:run_until_complete
[2.120s] INFO:colcon.colcon_ros.task.ament_cmake.build:Building ROS package in '/home/kim/rodog_ws/src/rodog_description' with build type 'ament_cmake'
[2.121s] INFO:colcon.colcon_cmake.task.cmake.build:Building CMake package in '/home/kim/rodog_ws/src/rodog_description'
[2.170s] INFO:colcon.colcon_core.plugin_system:Skipping extension 'colcon_core.shell.bat': Not used on non-Windows systems
[2.171s] INFO:colcon.colcon_core.shell:Skip shell extension 'powershell' for command environment: Not usable outside of PowerShell
[2.171s] DEBUG:colcon.colcon_core.shell:Skip shell extension 'dsv' for command environment
[2.304s] DEBUG:colcon.colcon_core.event_handler.log_command:Invoking command in '/home/kim/rodog_ws/build/rodog_description': CMAKE_PREFIX_PATH=${CMAKE_PREFIX_PATH}:/opt/ros/humble /usr/bin/cmake --build /home/kim/rodog_ws/build/rodog_description -- -j2 -l2
[2.514s] DEBUG:colcon.colcon_core.event_handler.log_command:Invoked command in '/home/kim/rodog_ws/build/rodog_description' returned '0': CMAKE_PREFIX_PATH=${CMAKE_PREFIX_PATH}:/opt/ros/humble /usr/bin/cmake --build /home/kim/rodog_ws/build/rodog_description -- -j2 -l2
[2.572s] DEBUG:colcon.colcon_core.event_handler.log_command:Invoking command in '/home/kim/rodog_ws/build/rodog_description': CMAKE_PREFIX_PATH=${CMAKE_PREFIX_PATH}:/opt/ros/humble /usr/bin/cmake --install /home/kim/rodog_ws/build/rodog_description
[2.602s] Level 1:colcon.colcon_core.environment:create_environment_scripts_only(rodog_description)
[2.606s] DEBUG:colcon.colcon_core.event_handler.log_command:Invoked command in '/home/kim/rodog_ws/build/rodog_description' returned '0': CMAKE_PREFIX_PATH=${CMAKE_PREFIX_PATH}:/opt/ros/humble /usr/bin/cmake --install /home/kim/rodog_ws/build/rodog_description
[2.632s] Level 1:colcon.colcon_core.environment:checking '/home/kim/rodog_ws/install/rodog_description' for CMake module files
[2.634s] Level 1:colcon.colcon_core.environment:checking '/home/kim/rodog_ws/install/rodog_description' for CMake config files
[2.637s] Level 1:colcon.colcon_core.shell:create_environment_hook('rodog_description', 'cmake_prefix_path')
[2.659s] INFO:colcon.colcon_core.shell:Creating environment hook '/home/kim/rodog_ws/install/rodog_description/share/rodog_description/hook/cmake_prefix_path.ps1'
[2.661s] INFO:colcon.colcon_core.shell:Creating environment descriptor '/home/kim/rodog_ws/install/rodog_description/share/rodog_description/hook/cmake_prefix_path.dsv'
[2.664s] INFO:colcon.colcon_core.shell:Creating environment hook '/home/kim/rodog_ws/install/rodog_description/share/rodog_description/hook/cmake_prefix_path.sh'
[2.666s] Level 1:colcon.colcon_core.environment:checking '/home/kim/rodog_ws/install/rodog_description/bin'
[2.667s] Level 1:colcon.colcon_core.environment:checking '/home/kim/rodog_ws/install/rodog_description/lib/pkgconfig/rodog_description.pc'
[2.667s] Level 1:colcon.colcon_core.environment:checking '/home/kim/rodog_ws/install/rodog_description/lib/python3.10/site-packages'
[2.667s] Level 1:colcon.colcon_core.environment:checking '/home/kim/rodog_ws/install/rodog_description/bin'
[2.681s] INFO:colcon.colcon_core.shell:Creating package script '/home/kim/rodog_ws/install/rodog_description/share/rodog_description/package.ps1'
[2.683s] INFO:colcon.colcon_core.shell:Creating package descriptor '/home/kim/rodog_ws/install/rodog_description/share/rodog_description/package.dsv'
[2.684s] INFO:colcon.colcon_core.shell:Creating package script '/home/kim/rodog_ws/install/rodog_description/share/rodog_description/package.sh'
[2.686s] INFO:colcon.colcon_core.shell:Creating package script '/home/kim/rodog_ws/install/rodog_description/share/rodog_description/package.bash'
[2.687s] INFO:colcon.colcon_core.shell:Creating package script '/home/kim/rodog_ws/install/rodog_description/share/rodog_description/package.zsh'
[2.689s] Level 1:colcon.colcon_core.environment:create_file_with_runtime_dependencies(/home/kim/rodog_ws/install/rodog_description/share/colcon-core/packages/rodog_description)
[2.740s] Level 1:colcon.colcon_core.environment:create_environment_scripts_only(rodog_description)
[2.762s] Level 1:colcon.colcon_core.environment:checking '/home/kim/rodog_ws/install/rodog_description' for CMake module files
[2.763s] Level 1:colcon.colcon_core.environment:checking '/home/kim/rodog_ws/install/rodog_description' for CMake config files
[2.764s] Level 1:colcon.colcon_core.shell:create_environment_hook('rodog_description', 'cmake_prefix_path')
[2.784s] INFO:colcon.colcon_core.shell:Creating environment hook '/home/kim/rodog_ws/install/rodog_description/share/rodog_description/hook/cmake_prefix_path.ps1'
[2.785s] INFO:colcon.colcon_core.shell:Creating environment descriptor '/home/kim/rodog_ws/install/rodog_description/share/rodog_description/hook/cmake_prefix_path.dsv'
[2.786s] INFO:colcon.colcon_core.shell:Creating environment hook '/home/kim/rodog_ws/install/rodog_description/share/rodog_description/hook/cmake_prefix_path.sh'
[2.787s] Level 1:colcon.colcon_core.environment:checking '/home/kim/rodog_ws/install/rodog_description/bin'
[2.787s] Level 1:colcon.colcon_core.environment:checking '/home/kim/rodog_ws/install/rodog_description/lib/pkgconfig/rodog_description.pc'
[2.787s] Level 1:colcon.colcon_core.environment:checking '/home/kim/rodog_ws/install/rodog_description/lib/python3.10/site-packages'
[2.788s] Level 1:colcon.colcon_core.environment:checking '/home/kim/rodog_ws/install/rodog_description/bin'
[2.801s] INFO:colcon.colcon_core.shell:Creating package script '/home/kim/rodog_ws/install/rodog_description/share/rodog_description/package.ps1'
[2.802s] INFO:colcon.colcon_core.shell:Creating package descriptor '/home/kim/rodog_ws/install/rodog_description/share/rodog_description/package.dsv'
[2.802s] INFO:colcon.colcon_core.shell:Creating package script '/home/kim/rodog_ws/install/rodog_description/share/rodog_description/package.sh'
[2.803s] INFO:colcon.colcon_core.shell:Creating package script '/home/kim/rodog_ws/install/rodog_description/share/rodog_description/package.bash'
[2.804s] INFO:colcon.colcon_core.shell:Creating package script '/home/kim/rodog_ws/install/rodog_description/share/rodog_description/package.zsh'
[2.805s] Level 1:colcon.colcon_core.environment:create_file_with_runtime_dependencies(/home/kim/rodog_ws/install/rodog_description/share/colcon-core/packages/rodog_description)
[2.805s] DEBUG:colcon.colcon_parallel_executor.executor.parallel:closing loop
[2.806s] DEBUG:colcon.colcon_parallel_executor.executor.parallel:loop closed
[2.806s] DEBUG:colcon.colcon_parallel_executor.executor.parallel:run_until_complete finished with '0'
[2.807s] DEBUG:colcon.colcon_core.event_reactor:joining thread
[2.846s] INFO:colcon.colcon_core.plugin_system:Skipping extension 'colcon_notification.desktop_notification.terminal_notifier': Not used on non-Darwin systems
[2.846s] INFO:colcon.colcon_core.plugin_system:Skipping extension 'colcon_notification.desktop_notification.win32': Not used on non-Windows systems
[2.846s] INFO:colcon.colcon_notification.desktop_notification:Sending desktop notification using 'notify2'
[2.951s] DEBUG:colcon.colcon_core.event_reactor:joined thread
[2.968s] INFO:colcon.colcon_core.shell:Creating prefix script '/home/kim/rodog_ws/install/local_setup.ps1'
[2.970s] INFO:colcon.colcon_core.shell:Creating prefix util module '/home/kim/rodog_ws/install/_local_setup_util_ps1.py'
[2.972s] INFO:colcon.colcon_core.shell:Creating prefix chain script '/home/kim/rodog_ws/install/setup.ps1'
[2.996s] INFO:colcon.colcon_core.shell:Creating prefix script '/home/kim/rodog_ws/install/local_setup.sh'
[2.998s] INFO:colcon.colcon_core.shell:Creating prefix util module '/home/kim/rodog_ws/install/_local_setup_util_sh.py'
[3.000s] INFO:colcon.colcon_core.shell:Creating prefix chain script '/home/kim/rodog_ws/install/setup.sh'
[3.020s] INFO:colcon.colcon_core.shell:Creating prefix script '/home/kim/rodog_ws/install/local_setup.bash'
[3.022s] INFO:colcon.colcon_core.shell:Creating prefix chain script '/home/kim/rodog_ws/install/setup.bash'
[3.046s] INFO:colcon.colcon_core.shell:Creating prefix script '/home/kim/rodog_ws/install/local_setup.zsh'
[3.048s] INFO:colcon.colcon_core.shell:Creating prefix chain script '/home/kim/rodog_ws/install/setup.zsh'
