[1.297s] DEBUG:colcon:Command line arguments: ['/usr/bin/colcon', 'build']
[1.298s] DEBUG:colcon:Parsed command line arguments: Namespace(log_base=None, log_level=None, verb_name='build', build_base='build', install_base='install', merge_install=False, symlink_install=False, test_result_base=None, continue_on_error=False, executor='parallel', parallel_workers=2, event_handlers=None, ignore_user_meta=False, metas=['./colcon.meta'], base_paths=['.'], packages_ignore=None, packages_ignore_regex=None, paths=None, packages_up_to=None, packages_up_to_regex=None, packages_above=None, packages_above_and_dependencies=None, packages_above_depth=None, packages_select_by_dep=None, packages_skip_by_dep=None, packages_skip_up_to=None, packages_select_build_failed=False, packages_skip_build_finished=False, packages_select_test_failures=False, packages_skip_test_passed=False, packages_select=None, packages_skip=None, packages_select_regex=None, packages_skip_regex=None, packages_start=None, packages_end=None, allow_overriding=[], cmake_args=None, cmake_target=None, cmake_target_skip_unavailable=False, cmake_clean_cache=False, cmake_clean_first=False, cmake_force_configure=False, ament_cmake_args=None, catkin_cmake_args=None, catkin_skip_building_tests=False, verb_parser=<colcon_defaults.argument_parser.defaults.DefaultArgumentsDecorator object at 0x7f16269ce050>, verb_extension=<colcon_core.verb.build.BuildVerb object at 0x7f16269ceb90>, main=<bound method BuildVerb.main of <colcon_core.verb.build.BuildVerb object at 0x7f16269ceb90>>)
[1.350s] Level 1:colcon.colcon_core.package_discovery:discover_packages(colcon_meta) check parameters
[1.350s] Level 1:colcon.colcon_core.package_discovery:discover_packages(recursive) check parameters
[1.351s] Level 1:colcon.colcon_core.package_discovery:discover_packages(ignore) check parameters
[1.351s] Level 1:colcon.colcon_core.package_discovery:discover_packages(path) check parameters
[1.351s] Level 1:colcon.colcon_core.package_discovery:discover_packages(colcon_meta) discover
[1.351s] Level 1:colcon.colcon_core.package_discovery:discover_packages(recursive) discover
[1.351s] INFO:colcon.colcon_core.package_discovery:Crawling recursively for packages in '/home/kim/rodog_ws'
[1.351s] Level 1:colcon.colcon_core.package_identification:_identify(.) by extensions ['ignore', 'ignore_ament_install']
[1.351s] Level 1:colcon.colcon_core.package_identification:_identify(.) by extension 'ignore'
[1.351s] Level 1:colcon.colcon_core.package_identification:_identify(.) by extension 'ignore_ament_install'
[1.351s] Level 1:colcon.colcon_core.package_identification:_identify(.) by extensions ['colcon_pkg']
[1.351s] Level 1:colcon.colcon_core.package_identification:_identify(.) by extension 'colcon_pkg'
[1.351s] Level 1:colcon.colcon_core.package_identification:_identify(.) by extensions ['colcon_meta']
[1.351s] Level 1:colcon.colcon_core.package_identification:_identify(.) by extension 'colcon_meta'
[1.351s] Level 1:colcon.colcon_core.package_identification:_identify(.) by extensions ['ros']
[1.351s] Level 1:colcon.colcon_core.package_identification:_identify(.) by extension 'ros'
[1.361s] Level 1:colcon.colcon_core.package_identification:_identify(.) by extensions ['cmake', 'python']
[1.362s] Level 1:colcon.colcon_core.package_identification:_identify(.) by extension 'cmake'
[1.362s] Level 1:colcon.colcon_core.package_identification:_identify(.) by extension 'python'
[1.362s] Level 1:colcon.colcon_core.package_identification:_identify(.) by extensions ['python_setup_py']
[1.362s] Level 1:colcon.colcon_core.package_identification:_identify(.) by extension 'python_setup_py'
[1.362s] Level 1:colcon.colcon_core.package_identification:_identify(build) by extensions ['ignore', 'ignore_ament_install']
[1.362s] Level 1:colcon.colcon_core.package_identification:_identify(build) by extension 'ignore'
[1.362s] Level 1:colcon.colcon_core.package_identification:_identify(build) ignored
[1.362s] Level 1:colcon.colcon_core.package_identification:_identify(install) by extensions ['ignore', 'ignore_ament_install']
[1.362s] Level 1:colcon.colcon_core.package_identification:_identify(install) by extension 'ignore'
[1.362s] Level 1:colcon.colcon_core.package_identification:_identify(install) ignored
[1.362s] Level 1:colcon.colcon_core.package_identification:_identify(log) by extensions ['ignore', 'ignore_ament_install']
[1.362s] Level 1:colcon.colcon_core.package_identification:_identify(log) by extension 'ignore'
[1.362s] Level 1:colcon.colcon_core.package_identification:_identify(log) ignored
[1.362s] Level 1:colcon.colcon_core.package_identification:_identify(src) by extensions ['ignore', 'ignore_ament_install']
[1.362s] Level 1:colcon.colcon_core.package_identification:_identify(src) by extension 'ignore'
[1.362s] Level 1:colcon.colcon_core.package_identification:_identify(src) by extension 'ignore_ament_install'
[1.363s] Level 1:colcon.colcon_core.package_identification:_identify(src) by extensions ['colcon_pkg']
[1.363s] Level 1:colcon.colcon_core.package_identification:_identify(src) by extension 'colcon_pkg'
[1.363s] Level 1:colcon.colcon_core.package_identification:_identify(src) by extensions ['colcon_meta']
[1.363s] Level 1:colcon.colcon_core.package_identification:_identify(src) by extension 'colcon_meta'
[1.363s] Level 1:colcon.colcon_core.package_identification:_identify(src) by extensions ['ros']
[1.363s] Level 1:colcon.colcon_core.package_identification:_identify(src) by extension 'ros'
[1.363s] Level 1:colcon.colcon_core.package_identification:_identify(src) by extensions ['cmake', 'python']
[1.363s] Level 1:colcon.colcon_core.package_identification:_identify(src) by extension 'cmake'
[1.363s] Level 1:colcon.colcon_core.package_identification:_identify(src) by extension 'python'
[1.363s] Level 1:colcon.colcon_core.package_identification:_identify(src) by extensions ['python_setup_py']
[1.363s] Level 1:colcon.colcon_core.package_identification:_identify(src) by extension 'python_setup_py'
[1.363s] Level 1:colcon.colcon_core.package_identification:_identify(src/rodog_description) by extensions ['ignore', 'ignore_ament_install']
[1.363s] Level 1:colcon.colcon_core.package_identification:_identify(src/rodog_description) by extension 'ignore'
[1.363s] Level 1:colcon.colcon_core.package_identification:_identify(src/rodog_description) by extension 'ignore_ament_install'
[1.363s] Level 1:colcon.colcon_core.package_identification:_identify(src/rodog_description) by extensions ['colcon_pkg']
[1.363s] Level 1:colcon.colcon_core.package_identification:_identify(src/rodog_description) by extension 'colcon_pkg'
[1.363s] Level 1:colcon.colcon_core.package_identification:_identify(src/rodog_description) by extensions ['colcon_meta']
[1.363s] Level 1:colcon.colcon_core.package_identification:_identify(src/rodog_description) by extension 'colcon_meta'
[1.363s] Level 1:colcon.colcon_core.package_identification:_identify(src/rodog_description) by extensions ['ros']
[1.363s] Level 1:colcon.colcon_core.package_identification:_identify(src/rodog_description) by extension 'ros'
[1.365s] DEBUG:colcon.colcon_core.package_identification:Package 'src/rodog_description' with type 'ros.ament_cmake' and name 'rodog_description'
[1.365s] Level 1:colcon.colcon_core.package_discovery:discover_packages(recursive) using defaults
[1.366s] Level 1:colcon.colcon_core.package_discovery:discover_packages(ignore) discover
[1.366s] Level 1:colcon.colcon_core.package_discovery:discover_packages(ignore) using defaults
[1.366s] Level 1:colcon.colcon_core.package_discovery:discover_packages(path) discover
[1.366s] Level 1:colcon.colcon_core.package_discovery:discover_packages(path) using defaults
[1.470s] Level 1:colcon.colcon_core.package_discovery:discover_packages(prefix_path) check parameters
[1.470s] Level 1:colcon.colcon_core.package_discovery:discover_packages(prefix_path) discover
[1.494s] DEBUG:colcon.colcon_installed_package_information.package_discovery:Found 1 installed packages in /home/kim/rodog_ws/install
[1.510s] DEBUG:colcon.colcon_installed_package_information.package_discovery:Found 3 installed packages in /home/kim/ros2_ws/install
[1.552s] DEBUG:colcon.colcon_installed_package_information.package_discovery:Found 328 installed packages in /opt/ros/humble
[1.554s] Level 1:colcon.colcon_core.package_discovery:discover_packages(prefix_path) using defaults
[1.657s] Level 5:colcon.colcon_core.verb:set package 'rodog_description' build argument 'cmake_args' from command line to 'None'
[1.657s] Level 5:colcon.colcon_core.verb:set package 'rodog_description' build argument 'cmake_target' from command line to 'None'
[1.657s] Level 5:colcon.colcon_core.verb:set package 'rodog_description' build argument 'cmake_target_skip_unavailable' from command line to 'False'
[1.657s] Level 5:colcon.colcon_core.verb:set package 'rodog_description' build argument 'cmake_clean_cache' from command line to 'False'
[1.657s] Level 5:colcon.colcon_core.verb:set package 'rodog_description' build argument 'cmake_clean_first' from command line to 'False'
[1.657s] Level 5:colcon.colcon_core.verb:set package 'rodog_description' build argument 'cmake_force_configure' from command line to 'False'
[1.657s] Level 5:colcon.colcon_core.verb:set package 'rodog_description' build argument 'ament_cmake_args' from command line to 'None'
[1.657s] Level 5:colcon.colcon_core.verb:set package 'rodog_description' build argument 'catkin_cmake_args' from command line to 'None'
[1.657s] Level 5:colcon.colcon_core.verb:set package 'rodog_description' build argument 'catkin_skip_building_tests' from command line to 'False'
[1.657s] DEBUG:colcon.colcon_core.verb:Building package 'rodog_description' with the following arguments: {'ament_cmake_args': None, 'build_base': '/home/kim/rodog_ws/build/rodog_description', 'catkin_cmake_args': None, 'catkin_skip_building_tests': False, 'cmake_args': None, 'cmake_clean_cache': False, 'cmake_clean_first': False, 'cmake_force_configure': False, 'cmake_target': None, 'cmake_target_skip_unavailable': False, 'install_base': '/home/kim/rodog_ws/install/rodog_description', 'merge_install': False, 'path': '/home/kim/rodog_ws/src/rodog_description', 'symlink_install': False, 'test_result_base': None}
[1.680s] INFO:colcon.colcon_core.executor:Executing jobs using 'parallel' executor
[1.696s] DEBUG:colcon.colcon_parallel_executor.executor.parallel:run_until_complete
[1.696s] INFO:colcon.colcon_ros.task.ament_cmake.build:Building ROS package in '/home/kim/rodog_ws/src/rodog_description' with build type 'ament_cmake'
[1.696s] INFO:colcon.colcon_cmake.task.cmake.build:Building CMake package in '/home/kim/rodog_ws/src/rodog_description'
[1.729s] INFO:colcon.colcon_core.plugin_system:Skipping extension 'colcon_core.shell.bat': Not used on non-Windows systems
[1.730s] INFO:colcon.colcon_core.shell:Skip shell extension 'powershell' for command environment: Not usable outside of PowerShell
[1.730s] DEBUG:colcon.colcon_core.shell:Skip shell extension 'dsv' for command environment
[1.809s] DEBUG:colcon.colcon_core.event_handler.log_command:Invoking command in '/home/kim/rodog_ws/build/rodog_description': CMAKE_PREFIX_PATH=${CMAKE_PREFIX_PATH}:/home/kim/ros2_ws/install/p1_py_pkg:/opt/ros/humble /usr/bin/cmake --build /home/kim/rodog_ws/build/rodog_description -- -j2 -l2
[2.140s] DEBUG:colcon.colcon_core.event_handler.log_command:Invoked command in '/home/kim/rodog_ws/build/rodog_description' returned '2': CMAKE_PREFIX_PATH=${CMAKE_PREFIX_PATH}:/home/kim/ros2_ws/install/p1_py_pkg:/opt/ros/humble /usr/bin/cmake --build /home/kim/rodog_ws/build/rodog_description -- -j2 -l2
[2.185s] Level 1:colcon.colcon_core.environment:create_environment_scripts_only(rodog_description)
[2.204s] Level 1:colcon.colcon_core.environment:checking '/home/kim/rodog_ws/install/rodog_description' for CMake module files
[2.204s] Level 1:colcon.colcon_core.environment:checking '/home/kim/rodog_ws/install/rodog_description' for CMake config files
[2.205s] Level 1:colcon.colcon_core.shell:create_environment_hook('rodog_description', 'cmake_prefix_path')
[2.223s] INFO:colcon.colcon_core.shell:Creating environment hook '/home/kim/rodog_ws/install/rodog_description/share/rodog_description/hook/cmake_prefix_path.ps1'
[2.224s] INFO:colcon.colcon_core.shell:Creating environment descriptor '/home/kim/rodog_ws/install/rodog_description/share/rodog_description/hook/cmake_prefix_path.dsv'
[2.226s] INFO:colcon.colcon_core.shell:Creating environment hook '/home/kim/rodog_ws/install/rodog_description/share/rodog_description/hook/cmake_prefix_path.sh'
[2.227s] Level 1:colcon.colcon_core.environment:checking '/home/kim/rodog_ws/install/rodog_description/bin'
[2.228s] Level 1:colcon.colcon_core.environment:checking '/home/kim/rodog_ws/install/rodog_description/lib/pkgconfig/rodog_description.pc'
[2.228s] Level 1:colcon.colcon_core.environment:checking '/home/kim/rodog_ws/install/rodog_description/lib/python3.10/site-packages'
[2.228s] Level 1:colcon.colcon_core.environment:checking '/home/kim/rodog_ws/install/rodog_description/bin'
[2.249s] INFO:colcon.colcon_core.shell:Creating package script '/home/kim/rodog_ws/install/rodog_description/share/rodog_description/package.ps1'
[2.252s] INFO:colcon.colcon_core.shell:Creating package descriptor '/home/kim/rodog_ws/install/rodog_description/share/rodog_description/package.dsv'
[2.254s] INFO:colcon.colcon_core.shell:Creating package script '/home/kim/rodog_ws/install/rodog_description/share/rodog_description/package.sh'
[2.256s] INFO:colcon.colcon_core.shell:Creating package script '/home/kim/rodog_ws/install/rodog_description/share/rodog_description/package.bash'
[2.258s] INFO:colcon.colcon_core.shell:Creating package script '/home/kim/rodog_ws/install/rodog_description/share/rodog_description/package.zsh'
[2.260s] Level 1:colcon.colcon_core.environment:create_file_with_runtime_dependencies(/home/kim/rodog_ws/install/rodog_description/share/colcon-core/packages/rodog_description)
[2.262s] DEBUG:colcon.colcon_parallel_executor.executor.parallel:closing loop
[2.263s] DEBUG:colcon.colcon_parallel_executor.executor.parallel:loop closed
[2.263s] DEBUG:colcon.colcon_parallel_executor.executor.parallel:run_until_complete finished with '2'
[2.263s] DEBUG:colcon.colcon_core.event_reactor:joining thread
[2.297s] INFO:colcon.colcon_core.plugin_system:Skipping extension 'colcon_notification.desktop_notification.terminal_notifier': Not used on non-Darwin systems
[2.297s] INFO:colcon.colcon_core.plugin_system:Skipping extension 'colcon_notification.desktop_notification.win32': Not used on non-Windows systems
[2.297s] INFO:colcon.colcon_notification.desktop_notification:Sending desktop notification using 'notify2'
[2.323s] DEBUG:colcon.colcon_core.event_reactor:joined thread
[2.342s] INFO:colcon.colcon_core.shell:Creating prefix script '/home/kim/rodog_ws/install/local_setup.ps1'
[2.344s] INFO:colcon.colcon_core.shell:Creating prefix util module '/home/kim/rodog_ws/install/_local_setup_util_ps1.py'
[2.346s] INFO:colcon.colcon_core.shell:Creating prefix chain script '/home/kim/rodog_ws/install/setup.ps1'
[2.365s] INFO:colcon.colcon_core.shell:Creating prefix script '/home/kim/rodog_ws/install/local_setup.sh'
[2.367s] INFO:colcon.colcon_core.shell:Creating prefix util module '/home/kim/rodog_ws/install/_local_setup_util_sh.py'
[2.369s] INFO:colcon.colcon_core.shell:Creating prefix chain script '/home/kim/rodog_ws/install/setup.sh'
[2.397s] INFO:colcon.colcon_core.shell:Creating prefix script '/home/kim/rodog_ws/install/local_setup.bash'
[2.399s] INFO:colcon.colcon_core.shell:Creating prefix chain script '/home/kim/rodog_ws/install/setup.bash'
[2.420s] INFO:colcon.colcon_core.shell:Creating prefix script '/home/kim/rodog_ws/install/local_setup.zsh'
[2.421s] INFO:colcon.colcon_core.shell:Creating prefix chain script '/home/kim/rodog_ws/install/setup.zsh'
